t = 0.0000, min(ks_m) = 0.0577, max(ks_m) = 0.9993, cnt(pvalue >= 0.05) = 105.0000(1.0000%)
t = 0.0000, min(ks_f) = 0.0038, max(ks_f) = 0.9998, cnt(pvalue >= 0.05) = 104.0000(0.9905%)
t = 1.0000, min(ks_m) = 0.0170, max(ks_m) = 0.9997, cnt(pvalue >= 0.05) = 104.0000(0.9905%)
t = 1.0000, min(ks_f) = 0.0011, max(ks_f) = 0.9992, cnt(pvalue >= 0.05) = 101.0000(0.9619%)
t = 2.0000, min(ks_m) = 0.0004, max(ks_m) = 0.9981, cnt(pvalue >= 0.05) = 104.0000(0.9905%)
t = 2.0000, min(ks_f) = 0.0023, max(ks_f) = 0.9996, cnt(pvalue >= 0.05) = 104.0000(0.9905%)
t = 3.0000, min(ks_m) = 0.0007, max(ks_m) = 0.9997, cnt(pvalue >= 0.05) = 103.0000(0.9810%)
t = 3.0000, min(ks_f) = 0.0032, max(ks_f) = 0.9973, cnt(pvalue >= 0.05) = 103.0000(0.9810%)
t = 4.0000, min(ks_m) = 0.0097, max(ks_m) = 1.0000, cnt(pvalue >= 0.05) = 104.0000(0.9905%)
t = 4.0000, min(ks_f) = 0.0020, max(ks_f) = 0.9997, cnt(pvalue >= 0.05) = 104.0000(0.9905%)
t = 5.0000, min(ks_m) = 0.0568, max(ks_m) = 0.9979, cnt(pvalue >= 0.05) = 105.0000(1.0000%)
t = 5.0000, min(ks_f) = 0.0100, max(ks_f) = 0.9981, cnt(pvalue >= 0.05) = 104.0000(0.9905%)
t = 6.0000, min(ks_m) = 0.1183, max(ks_m) = 0.9947, cnt(pvalue >= 0.05) = 105.0000(1.0000%)
t = 6.0000, min(ks_f) = 0.0690, max(ks_f) = 0.9991, cnt(pvalue >= 0.05) = 105.0000(1.0000%)
t = 7.0000, min(ks_m) = 0.0135, max(ks_m) = 0.9999, cnt(pvalue >= 0.05) = 103.0000(0.9810%)
t = 7.0000, min(ks_f) = 0.0118, max(ks_f) = 0.9992, cnt(pvalue >= 0.05) = 104.0000(0.9905%)
t = 8.0000, min(ks_m) = 0.0197, max(ks_m) = 0.9969, cnt(pvalue >= 0.05) = 104.0000(0.9905%)
t = 8.0000, min(ks_f) = 0.0281, max(ks_f) = 0.9996, cnt(pvalue >= 0.05) = 104.0000(0.9905%)
t = 9.0000, min(ks_m) = 0.0068, max(ks_m) = 0.9949, cnt(pvalue >= 0.05) = 103.0000(0.9810%)
t = 9.0000, min(ks_f) = 0.0662, max(ks_f) = 0.9967, cnt(pvalue >= 0.05) = 105.0000(1.0000%)
t = 10.0000, min(ks_m) = 0.0118, max(ks_m) = 0.9999, cnt(pvalue >= 0.05) = 104.0000(0.9905%)
t = 10.0000, min(ks_f) = 0.0160, max(ks_f) = 0.9996, cnt(pvalue >= 0.05) = 104.0000(0.9905%)
t = 11.0000, min(ks_m) = 0.0767, max(ks_m) = 0.9997, cnt(pvalue >= 0.05) = 105.0000(1.0000%)
t = 11.0000, min(ks_f) = 0.0516, max(ks_f) = 0.9993, cnt(pvalue >= 0.05) = 105.0000(1.0000%)
t = 12.0000, min(ks_m) = 0.0825, max(ks_m) = 0.9994, cnt(pvalue >= 0.05) = 105.0000(1.0000%)
t = 12.0000, min(ks_f) = 0.0867, max(ks_f) = 0.9998, cnt(pvalue >= 0.05) = 105.0000(1.0000%)
t = 13.0000, min(ks_m) = 0.0823, max(ks_m) = 0.9999, cnt(pvalue >= 0.05) = 105.0000(1.0000%)
t = 13.0000, min(ks_f) = 0.1261, max(ks_f) = 0.9946, cnt(pvalue >= 0.05) = 105.0000(1.0000%)
t = 14.0000, min(ks_m) = 0.0025, max(ks_m) = 0.9994, cnt(pvalue >= 0.05) = 104.0000(0.9905%)
t = 14.0000, min(ks_f) = 0.0534, max(ks_f) = 0.9952, cnt(pvalue >= 0.05) = 105.0000(1.0000%)
t = 15.0000, min(ks_m) = 0.0086, max(ks_m) = 0.9990, cnt(pvalue >= 0.05) = 103.0000(0.9810%)
t = 15.0000, min(ks_f) = 0.0331, max(ks_f) = 0.9979, cnt(pvalue >= 0.05) = 103.0000(0.9810%)
t = 16.0000, min(ks_m) = 0.0150, max(ks_m) = 0.9999, cnt(pvalue >= 0.05) = 104.0000(0.9905%)
t = 16.0000, min(ks_f) = 0.0538, max(ks_f) = 0.9970, cnt(pvalue >= 0.05) = 105.0000(1.0000%)
t = 17.0000, min(ks_m) = 0.0638, max(ks_m) = 0.9977, cnt(pvalue >= 0.05) = 105.0000(1.0000%)
t = 17.0000, min(ks_f) = 0.0602, max(ks_f) = 0.9949, cnt(pvalue >= 0.05) = 105.0000(1.0000%)
t = 18.0000, min(ks_m) = 0.0118, max(ks_m) = 0.9990, cnt(pvalue >= 0.05) = 104.0000(0.9905%)
t = 18.0000, min(ks_f) = 0.0616, max(ks_f) = 0.9998, cnt(pvalue >= 0.05) = 105.0000(1.0000%)
t = 19.0000, min(ks_m) = 0.0441, max(ks_m) = 0.9999, cnt(pvalue >= 0.05) = 104.0000(0.9905%)
t = 19.0000, min(ks_f) = 0.1015, max(ks_f) = 0.9975, cnt(pvalue >= 0.05) = 105.0000(1.0000%)
t = 20.0000, min(ks_m) = 0.0961, max(ks_m) = 0.9964, cnt(pvalue >= 0.05) = 105.0000(1.0000%)
t = 20.0000, min(ks_f) = 0.1146, max(ks_f) = 0.9994, cnt(pvalue >= 0.05) = 105.0000(1.0000%)
t = 21.0000, min(ks_m) = 0.0735, max(ks_m) = 0.9972, cnt(pvalue >= 0.05) = 105.0000(1.0000%)
t = 21.0000, min(ks_f) = 0.0073, max(ks_f) = 0.9990, cnt(pvalue >= 0.05) = 104.0000(0.9905%)
t = 22.0000, min(ks_m) = 0.0865, max(ks_m) = 0.9982, cnt(pvalue >= 0.05) = 105.0000(1.0000%)
t = 22.0000, min(ks_f) = 0.0046, max(ks_f) = 0.9993, cnt(pvalue >= 0.05) = 104.0000(0.9905%)
t = 23.0000, min(ks_m) = 0.0266, max(ks_m) = 0.9966, cnt(pvalue >= 0.05) = 104.0000(0.9905%)
t = 23.0000, min(ks_f) = 0.0007, max(ks_f) = 0.9992, cnt(pvalue >= 0.05) = 104.0000(0.9905%)
t = 24.0000, min(ks_m) = 0.0055, max(ks_m) = 0.9948, cnt(pvalue >= 0.05) = 104.0000(0.9905%)
t = 24.0000, min(ks_f) = 0.0428, max(ks_f) = 0.9946, cnt(pvalue >= 0.05) = 104.0000(0.9905%)
min_ks_m = 0.0004, min_ks_f = 0.0007
max_ks_m = 1.0000, max_ks_f = 0.9998
pass_ks_m = 0.9928, pass_ks_f = 0.9928
Male & Dynamic & $15$ &  $0.0004$ & $1.0000$ & $0.6898$ & $0.9928$
Female & Dynamic & $15$ &  $0.0007$ & $0.9998$ & $0.6996$ & $0.9928$
