Namespace(rate=0.2, data_file_dir='../Data/', data_dir='../Data/functional_connectivity/node=15_size=4800_step=4800_rho=0.100000/', output='./linear_node=15_size=4800_step=4800_rho=0.100000_num_iter=150.log', num_iter=150, Linear=True)
train acc=0.8778054862842892, test acc=0.7910447761194029, train auc=0.8761489201406327, test auc=0.7946907933982899
train acc=0.8653366583541147, test acc=0.8159203980099502, train auc=0.8647486772486772, test auc=0.8137862137862137
train acc=0.8753117206982544, test acc=0.8258706467661692, train auc=0.8748251922884827, test auc=0.8275089605734769
train acc=0.8815461346633416, test acc=0.7910447761194029, train auc=0.8817531887236982, test auc=0.7910714285714285
train acc=0.8765586034912718, test acc=0.7711442786069652, train auc=0.874686386672688, test auc=0.7733630952380952
train acc=0.8753117206982544, test acc=0.7860696517412935, train auc=0.8740729130748253, test auc=0.7873711340206185
train acc=0.85785536159601, test acc=0.8208955223880597, train auc=0.8573440430715928, test auc=0.8229524772497472
train acc=0.8615960099750624, test acc=0.8407960199004975, train auc=0.8603753311010046, test auc=0.8408639523336644
train acc=0.8790523690773068, test acc=0.8208955223880597, train auc=0.8790090005917344, test auc=0.8192918192918193
train acc=0.8703241895261845, test acc=0.8208955223880597, train auc=0.8698237059264816, test auc=0.8210249801744647
train acc=0.8665835411471322, test acc=0.8159203980099502, train auc=0.866112140321987, test auc=0.8133633633633633
train acc=0.8765586034912718, test acc=0.7860696517412935, train auc=0.8759359089547769, test auc=0.7827172827172827
train acc=0.8915211970074813, test acc=0.7512437810945274, train auc=0.8911263823954637, test auc=0.751039603960396
train acc=0.8665835411471322, test acc=0.8208955223880597, train auc=0.8653174350225289, test auc=0.8196428571428571
train acc=0.8703241895261845, test acc=0.7761194029850746, train auc=0.8699742782938767, test auc=0.770758661887694
train acc=0.8728179551122195, test acc=0.8407960199004975, train auc=0.871680642907058, test auc=0.8431568431568431
train acc=0.8765586034912718, test acc=0.7910447761194029, train auc=0.8761073573573573, test auc=0.7896613190730838
train acc=0.8665835411471322, test acc=0.7960199004975125, train auc=0.8654496916829599, test auc=0.7970081236378047
train acc=0.8678304239401496, test acc=0.8159203980099502, train auc=0.8667853239656518, test auc=0.8167627758997812
train acc=0.8765586034912718, test acc=0.8407960199004975, train auc=0.8760412956123412, test auc=0.8400297619047619
train acc=0.8703241895261845, test acc=0.8159203980099502, train auc=0.8690314632178661, test auc=0.8159302555973846
train acc=0.8678304239401496, test acc=0.8407960199004975, train auc=0.8668131592164743, test auc=0.8414197653609068
train acc=0.8566084788029925, test acc=0.8059701492537313, train auc=0.8552935000656181, test auc=0.8080357142857142
train acc=0.871571072319202, test acc=0.8308457711442786, train auc=0.8712868819776716, test auc=0.8251521298174441
train acc=0.8765586034912718, test acc=0.8059701492537313, train auc=0.8756867445809609, test auc=0.803763440860215
train acc=0.871571072319202, test acc=0.7860696517412935, train auc=0.8717194358830672, test auc=0.78141012502562
train acc=0.8802992518703242, test acc=0.7661691542288557, train auc=0.8794167624568945, test auc=0.7646474677259186
train acc=0.8665835411471322, test acc=0.8009950248756219, train auc=0.8661511598902469, test auc=0.7960473515248796
train acc=0.8778054862842892, test acc=0.8059701492537313, train auc=0.876800450112528, test auc=0.805214115781126
train acc=0.8678304239401496, test acc=0.8159203980099502, train auc=0.8675658453695838, test auc=0.8123634558093347
train acc=0.8827930174563591, test acc=0.7810945273631841, train auc=0.8821358313817329, test auc=0.7788824816066812
train acc=0.8778054862842892, test acc=0.8009950248756219, train auc=0.8767076951987222, test auc=0.801247771836007
train acc=0.8690773067331671, test acc=0.7910447761194029, train auc=0.8682017502822533, test auc=0.7918918918918919
train acc=0.8740648379052369, test acc=0.8407960199004975, train auc=0.8731760478891464, test auc=0.8413978494623656
train acc=0.8827930174563591, test acc=0.8059701492537313, train auc=0.8818902549324151, test auc=0.8054054054054054
train acc=0.8690773067331671, test acc=0.845771144278607, train auc=0.8683144120049128, test auc=0.84271922767498
train acc=0.8765586034912718, test acc=0.8109452736318408, train auc=0.8766774756797205, test auc=0.8130517656500803
train acc=0.8703241895261845, test acc=0.845771144278607, train auc=0.8696621216661672, test auc=0.8467741935483872
train acc=0.8703241895261845, test acc=0.8557213930348259, train auc=0.8696582396127672, test auc=0.8536036036036037
train acc=0.8703241895261845, test acc=0.7611940298507462, train auc=0.8700939434336608, test auc=0.7611881188118812
train acc=0.8678304239401496, test acc=0.8258706467661692, train auc=0.8679544390700576, test auc=0.8216493817311528
train acc=0.8728179551122195, test acc=0.8208955223880597, train auc=0.8727899310758165, test auc=0.8161589008363201
train acc=0.8790523690773068, test acc=0.7960199004975125, train auc=0.8781770843112588, test auc=0.7961881188118812
train acc=0.8778054862842892, test acc=0.8258706467661692, train auc=0.876800450112528, test auc=0.8254857256145915
train acc=0.8790523690773068, test acc=0.7810945273631841, train auc=0.8787853239656519, test auc=0.7769437263869556
train acc=0.8678304239401496, test acc=0.7910447761194029, train auc=0.866453953953954, test auc=0.7907011289364231
train acc=0.8753117206982544, test acc=0.8159203980099502, train auc=0.8738416649969946, test auc=0.8159900990099009
train acc=0.8628428927680798, test acc=0.845771144278607, train auc=0.8618497290864106, test auc=0.8458110516934048
train acc=0.8665835411471322, test acc=0.8258706467661692, train auc=0.8661409949056038, test auc=0.8282556750298686
train acc=0.871571072319202, test acc=0.8159203980099502, train auc=0.8712189278227015, test auc=0.8175824175824177
train acc=0.8690773067331671, test acc=0.8258706467661692, train auc=0.868869059117506, test auc=0.8229019211324571
train acc=0.8740648379052369, test acc=0.845771144278607, train auc=0.8732043389035473, test auc=0.8435435435435436
train acc=0.8865336658354115, test acc=0.8109452736318408, train auc=0.8863250424533012, test auc=0.812126642771804
train acc=0.871571072319202, test acc=0.8258706467661692, train auc=0.8703140640640642, test auc=0.8262032085561498
train acc=0.8802992518703242, test acc=0.8109452736318408, train auc=0.8795320978613943, test auc=0.8108415841584158
train acc=0.8765586034912718, test acc=0.7711442786069652, train auc=0.8758202264075335, test auc=0.7711386138613862
train acc=0.871571072319202, test acc=0.8059701492537313, train auc=0.8716965843929194, test auc=0.8030852994555354
train acc=0.8653366583541147, test acc=0.8308457711442786, train auc=0.8644736100940685, test auc=0.830990099009901
train acc=0.8740648379052369, test acc=0.8059701492537313, train auc=0.872330425627914, test auc=0.8067168615018824
train acc=0.8678304239401496, test acc=0.835820895522388, train auc=0.8679878048780487, test auc=0.8374005027230833
train acc=0.8628428927680798, test acc=0.8507462686567164, train auc=0.8631268032179066, test auc=0.8549039433771486
train acc=0.8728179551122195, test acc=0.8109452736318408, train auc=0.8721021131825316, test auc=0.8110758866653458
train acc=0.8765586034912718, test acc=0.7611940298507462, train auc=0.8760412956123412, test auc=0.7616071428571429
train acc=0.8653366583541147, test acc=0.8109452736318408, train auc=0.8653768037146052, test auc=0.8114583333333333
train acc=0.871571072319202, test acc=0.7761194029850746, train auc=0.8716494459418987, test auc=0.7688811188811189
train acc=0.8765586034912718, test acc=0.8258706467661692, train auc=0.8764155649787977, test auc=0.8241372391653291
train acc=0.8765586034912718, test acc=0.7711442786069652, train auc=0.8756136044880786, test auc=0.7711881188118812
train acc=0.8753117206982544, test acc=0.7910447761194029, train auc=0.8743261455525606, test auc=0.792957042957043
train acc=0.8802992518703242, test acc=0.7910447761194029, train auc=0.8802249402152251, test auc=0.7916581580559527
train acc=0.8703241895261845, test acc=0.8059701492537313, train auc=0.869328721110944, test auc=0.8064691896175947
train acc=0.8753117206982544, test acc=0.7761194029850746, train auc=0.8741826395128282, test auc=0.7783716283716283
train acc=0.8728179551122195, test acc=0.8159203980099502, train auc=0.8707975814140199, test auc=0.8188988095238094
train acc=0.8740648379052369, test acc=0.8159203980099502, train auc=0.8733603304648881, test auc=0.8148809523809524
train acc=0.8778054862842892, test acc=0.7761194029850746, train auc=0.8774694437515591, test auc=0.7771869983948636
train acc=0.8665835411471322, test acc=0.8109452736318408, train auc=0.8661511598902469, test auc=0.8072833065810594
train acc=0.8628428927680798, test acc=0.8009950248756219, train auc=0.8624996099235449, test auc=0.8004088552054249
train acc=0.8765586034912718, test acc=0.8159203980099502, train auc=0.876788890622562, test auc=0.8158655763861188
train acc=0.8690773067331671, test acc=0.7910447761194029, train auc=0.8685252638460819, test auc=0.7931953269112524
train acc=0.8703241895261845, test acc=0.7860696517412935, train auc=0.8692275975810886, test auc=0.7867924528301887
train acc=0.8840399002493765, test acc=0.7910447761194029, train auc=0.8830518018018019, test auc=0.7901069518716577
train acc=0.871571072319202, test acc=0.8109452736318408, train auc=0.872028259569378, test auc=0.8094827586206897
train acc=0.8703241895261845, test acc=0.8208955223880597, train auc=0.8704500610730057, test auc=0.8210041592394534
train acc=0.8640897755610972, test acc=0.8208955223880597, train auc=0.8640611724723876, test auc=0.8176266137040716
train acc=0.8753117206982544, test acc=0.8258706467661692, train auc=0.8749851470597432, test auc=0.825143649692887
train acc=0.8827930174563591, test acc=0.8009950248756219, train auc=0.8820186662652416, test auc=0.8005952380952381
train acc=0.8802992518703242, test acc=0.7860696517412935, train auc=0.8799882629107981, test auc=0.7837514934289129
train acc=0.871571072319202, test acc=0.7910447761194029, train auc=0.8714579247221443, test auc=0.8083623693379791
train acc=0.8603491271820449, test acc=0.8109452736318408, train auc=0.8594336084021005, test auc=0.8086340206185567
train acc=0.871571072319202, test acc=0.835820895522388, train auc=0.8711884589248197, test auc=0.8326126307320997
train acc=0.8802992518703242, test acc=0.7960199004975125, train auc=0.8797513731211152, test auc=0.8022425583266292
train acc=0.8703241895261845, test acc=0.8308457711442786, train auc=0.8696143637782981, test auc=0.8256114535692981
train acc=0.8690773067331671, test acc=0.7860696517412935, train auc=0.8686983258028835, test auc=0.7845238095238095
train acc=0.8603491271820449, test acc=0.8706467661691543, train auc=0.8596149037259315, test auc=0.8704896907216495
train acc=0.8740648379052369, test acc=0.8308457711442786, train auc=0.8730696186715978, test auc=0.8314299900695135
train acc=0.8653366583541147, test acc=0.835820895522388, train auc=0.8652413810282981, test auc=0.8333673677761894
train acc=0.871571072319202, test acc=0.8109452736318408, train auc=0.8717105263157895, test auc=0.8031947261663286
train acc=0.8790523690773068, test acc=0.8308457711442786, train auc=0.8785858863511419, test auc=0.8297914597815292
train acc=0.8802992518703242, test acc=0.7860696517412935, train auc=0.880507022953066, test auc=0.780982905982906
train acc=0.8703241895261845, test acc=0.8009950248756219, train auc=0.8695445445445447, test auc=0.8005050505050506
train acc=0.8977556109725686, test acc=0.7512437810945274, train auc=0.8969707224143981, test auc=0.752575787596592
train acc=0.8640897755610972, test acc=0.7910447761194029, train auc=0.8624212407134572, test auc=0.7907910388580492
train acc=0.8640897755610972, test acc=0.8407960199004975, train auc=0.8620236324730008, test auc=0.8419563058589872
train acc=0.8591022443890274, test acc=0.8557213930348259, train auc=0.8578401636012283, test auc=0.8567465821279968
train acc=0.871571072319202, test acc=0.8308457711442786, train auc=0.8713792909503367, test auc=0.8318452380952381
train acc=0.871571072319202, test acc=0.8059701492537313, train auc=0.8697325464590658, test auc=0.8074169815072579
train acc=0.8703241895261845, test acc=0.7910447761194029, train auc=0.8704571696052426, test auc=0.7878440366972477
train acc=0.8615960099750624, test acc=0.8258706467661692, train auc=0.8611069558713538, test auc=0.8192679975801572
train acc=0.8765586034912718, test acc=0.7910447761194029, train auc=0.8765465203292593, test auc=0.7894261637239165
train acc=0.8740648379052369, test acc=0.8208955223880597, train auc=0.8737767369242778, test auc=0.8214356730960429
train acc=0.8802992518703242, test acc=0.8159203980099502, train auc=0.8793639496553791, test auc=0.8145161290322581
train acc=0.8802992518703242, test acc=0.7562189054726368, train auc=0.8794379022019875, test auc=0.7552011095700416
train acc=0.8740648379052369, test acc=0.8059701492537313, train auc=0.8740419040503097, test auc=0.8058003689280591
train acc=0.8665835411471322, test acc=0.7810945273631841, train auc=0.8665166291572893, test auc=0.7790939730372721
train acc=0.871571072319202, test acc=0.8159203980099502, train auc=0.870986496624156, test auc=0.8130947660586836
train acc=0.8678304239401496, test acc=0.845771144278607, train auc=0.8676811919736448, test auc=0.8477022977022977
train acc=0.8790523690773068, test acc=0.7860696517412935, train auc=0.8783722979433436, test auc=0.7867559523809525
train acc=0.8628428927680798, test acc=0.7810945273631841, train auc=0.8622000312061164, test auc=0.7769744714798563
train acc=0.8728179551122195, test acc=0.8059701492537313, train auc=0.8716222990925954, test auc=0.8067168615018824
train acc=0.8802992518703242, test acc=0.7711442786069652, train auc=0.8793628177006192, test auc=0.7715773809523808
train acc=0.871571072319202, test acc=0.8159203980099502, train auc=0.871526413293662, test auc=0.8175675675675677
train acc=0.8740648379052369, test acc=0.7910447761194029, train auc=0.8729884193111745, test auc=0.7916584109371905
train acc=0.8778054862842892, test acc=0.8159203980099502, train auc=0.875414364640884, test auc=0.821286538079141
train acc=0.8827930174563591, test acc=0.8059701492537313, train auc=0.8822187642562979, test auc=0.8066964285714285
train acc=0.8566084788029925, test acc=0.8308457711442786, train auc=0.8553323618989249, test auc=0.8307410342777888
train acc=0.8865336658354115, test acc=0.7661691542288557, train auc=0.884193979555338, test auc=0.7679245283018868
train acc=0.8802992518703242, test acc=0.8159203980099502, train auc=0.8805890227576975, test auc=0.8198913711826195
train acc=0.8827930174563591, test acc=0.8059701492537313, train auc=0.8821191474493361, test auc=0.7999500499500499
train acc=0.8815461346633416, test acc=0.8308457711442786, train auc=0.8814283572392424, test auc=0.8292452830188679
train acc=0.8802992518703242, test acc=0.8009950248756219, train auc=0.8780912180199875, test auc=0.8058542413381123
train acc=0.8827930174563591, test acc=0.7711442786069652, train auc=0.8821767941985496, test auc=0.7694785884218874
train acc=0.8815461346633416, test acc=0.8159203980099502, train auc=0.8802888222055513, test auc=0.81413560666138
train acc=0.8566084788029925, test acc=0.8208955223880597, train auc=0.856226626776365, test auc=0.8148820326678765
train acc=0.8615960099750624, test acc=0.8258706467661692, train auc=0.8611803745852002, test auc=0.8248511904761905
train acc=0.8528678304239401, test acc=0.835820895522388, train auc=0.8527570326114015, test auc=0.8223697862627102
train acc=0.8528678304239401, test acc=0.8706467661691543, train auc=0.8528939507094846, test auc=0.8755965968043162
train acc=0.8802992518703242, test acc=0.7860696517412935, train auc=0.8802377247417462, test auc=0.7836309523809524
train acc=0.8753117206982544, test acc=0.8258706467661692, train auc=0.8742982045277127, test auc=0.8267548220322132
train acc=0.8690773067331671, test acc=0.8109452736318408, train auc=0.8680812963334, test auc=0.811039603960396
train acc=0.8915211970074813, test acc=0.736318407960199, train auc=0.8907526409830413, test auc=0.7368655828707376
train acc=0.8765586034912718, test acc=0.8059701492537313, train auc=0.8763917737981625, test auc=0.8022522522522523
train acc=0.8753117206982544, test acc=0.7910447761194029, train auc=0.8748567656436826, test auc=0.7952317745558505
train acc=0.8628428927680798, test acc=0.835820895522388, train auc=0.8627276128710403, test auc=0.8353731942215088
train acc=0.8865336658354115, test acc=0.8109452736318408, train auc=0.8865341791575442, test auc=0.812012012012012
train acc=0.8628428927680798, test acc=0.8009950248756219, train auc=0.8623347468196557, test auc=0.7972010433386838
train acc=0.8740648379052369, test acc=0.8009950248756219, train auc=0.8739636399960045, test auc=0.7991338112305854
train acc=0.8703241895261845, test acc=0.8009950248756219, train auc=0.8694437515589923, test auc=0.8052768860353129
train acc=0.8528678304239401, test acc=0.835820895522388, train auc=0.8522864075550316, test auc=0.8292792792792792
train acc=0.8865336658354115, test acc=0.7761194029850746, train auc=0.8863969510407506, test auc=0.7773273273273272
train acc=0.8653366583541147, test acc=0.8109452736318408, train auc=0.8643615521939302, test auc=0.8120915032679739
train acc=0.8690773067331671, test acc=0.8208955223880597, train auc=0.8690625370166022, test auc=0.8218523732904264
train_acc_list: min=0.8528678304239401, max=0.8977556109725686, mean=0.8726267664172902, var=6.077359939027476e-05
test_acc_list: min=0.736318407960199, max=0.8706467661691543, mean=0.8082918739635159, var=0.0005959148425919049
train_auc_list: min=0.8522864075550316, max=0.8969707224143981, mean=0.8719958129367783, var=6.074733189425636e-05
test_auc_list: min=0.7368655828707376, max=0.8755965968043162, mean=0.8077786389829328, var=0.0005993687736980404
