Namespace(rate=0.2, data_file_dir='../Data/', data_dir='../Data/functional_connectivity/node=25_size=4800_step=4800_rho=0.100000/', output='./linear_node=25_size=4800_step=4800_rho=0.100000_num_iter=150.log', num_iter=150, Linear=True)
train acc=0.9650872817955112, test acc=0.900497512437811, train auc=0.9642641888498243, test auc=0.9033107973752237
train acc=0.9688279301745636, test acc=0.8656716417910447, train auc=0.9683662773285415, test auc=0.8696803196803197
train acc=0.9638403990024937, test acc=0.8855721393034826, train auc=0.963465188292878, test auc=0.8830645161290324
train acc=0.972568578553616, test acc=0.8656716417910447, train auc=0.9720842160520445, test auc=0.8651785714285714
train acc=0.9750623441396509, test acc=0.8606965174129353, train auc=0.9739199157007377, test auc=0.8613095238095239
train acc=0.9738154613466334, test acc=0.8557213930348259, train auc=0.9732641609980879, test auc=0.8571074544012688
train acc=0.9588528678304239, test acc=0.8905472636815921, train auc=0.9586015441465132, test auc=0.8911526794742164
train acc=0.9613466334164589, test acc=0.8855721393034826, train auc=0.9605802388924983, test auc=0.883862959285005
train acc=0.9663341645885287, test acc=0.8855721393034826, train auc=0.9659316702482169, test auc=0.8899572649572649
train acc=0.9750623441396509, test acc=0.845771144278607, train auc=0.9743873468367092, test auc=0.8450634417129262
train acc=0.9713216957605985, test acc=0.8955223880597015, train auc=0.9707548170187815, test auc=0.8938438438438439
train acc=0.9750623441396509, test acc=0.845771144278607, train auc=0.974980033942298, test auc=0.8382117882117882
train acc=0.9750623441396509, test acc=0.835820895522388, train auc=0.9747022412487404, test auc=0.8356435643564357
train acc=0.9788029925187033, test acc=0.8756218905472637, train auc=0.977736740471325, test auc=0.8738095238095238
train acc=0.9738154613466334, test acc=0.8308457711442786, train auc=0.9734791729097992, test auc=0.8291517323775388
train acc=0.9738154613466334, test acc=0.8855721393034826, train auc=0.9733702705400819, test auc=0.8859640359640361
train acc=0.970074812967581, test acc=0.8557213930348259, train auc=0.9691191191191191, test auc=0.855169340463458
train acc=0.9650872817955112, test acc=0.8756218905472637, train auc=0.9639419461573169, test auc=0.8756687140875768
train acc=0.9738154613466334, test acc=0.8706467661691543, train auc=0.9734613583138173, test auc=0.8701034002783853
train acc=0.9688279301745636, test acc=0.9203980099502488, train auc=0.9680627683308648, test auc=0.9202380952380952
train acc=0.9775561097256857, test acc=0.835820895522388, train auc=0.9772421685918162, test auc=0.8351000594412523
train acc=0.9738154613466334, test acc=0.845771144278607, train auc=0.973198141637368, test auc=0.8506164247365281
train acc=0.9713216957605985, test acc=0.8756218905472637, train auc=0.9705687520700925, test auc=0.8764880952380953
train acc=0.9738154613466334, test acc=0.8805970149253731, train auc=0.9736094497607656, test auc=0.8776876267748479
train acc=0.9663341645885287, test acc=0.8855721393034826, train auc=0.9658126061332535, test auc=0.8845579450418161
train acc=0.9650872817955112, test acc=0.8905472636815921, train auc=0.9649575044363501, test auc=0.8848124615699938
train acc=0.9713216957605985, test acc=0.8706467661691543, train auc=0.9712754260582738, test auc=0.8680734856007943
train acc=0.9713216957605985, test acc=0.8756218905472637, train auc=0.9707844849089549, test auc=0.8733948635634028
train acc=0.970074812967581, test acc=0.8606965174129353, train auc=0.9691922980745187, test auc=0.8615681998413957
train acc=0.9763092269326683, test acc=0.8407960199004975, train auc=0.9759483232545355, test auc=0.8397715988083416
train acc=0.9763092269326683, test acc=0.8557213930348259, train auc=0.9758032786885246, test auc=0.8534997017299661
train acc=0.9763092269326683, test acc=0.8756218905472637, train auc=0.9760311942121582, test auc=0.8764111705288176
train acc=0.9738154613466334, test acc=0.8507462686567164, train auc=0.9736677956798093, test auc=0.8533033033033033
train acc=0.9663341645885287, test acc=0.8855721393034826, train auc=0.9651164251480833, test auc=0.8897849462365592
train acc=0.9750623441396509, test acc=0.8507462686567164, train auc=0.974849828776736, test auc=0.8522522522522522
train acc=0.9625935162094763, test acc=0.8855721393034826, train auc=0.961876796279325, test auc=0.8831456154465004
train acc=0.9663341645885287, test acc=0.9104477611940298, train auc=0.9659141930656023, test auc=0.9104133226324238
train acc=0.9688279301745636, test acc=0.8706467661691543, train auc=0.9684721806013386, test auc=0.8721624850657109
train acc=0.9663341645885287, test acc=0.8557213930348259, train auc=0.9656150002806938, test auc=0.8525525525525526
train acc=0.972568578553616, test acc=0.8606965174129353, train auc=0.9719922141484694, test auc=0.8605445544554456
train acc=0.9713216957605985, test acc=0.8805970149253731, train auc=0.9711437041660165, test auc=0.8780414838452333
train acc=0.9675810473815462, test acc=0.9054726368159204, train auc=0.9669863150534412, test auc=0.9030764635603346
train acc=0.9713216957605985, test acc=0.8656716417910447, train auc=0.9710377588764341, test auc=0.8656435643564356
train acc=0.9763092269326683, test acc=0.845771144278607, train auc=0.9757314328582146, test auc=0.8443695479777953
train acc=0.972568578553616, test acc=0.8706467661691543, train auc=0.972128024980484, test auc=0.8675183933187511
train acc=0.9775561097256857, test acc=0.835820895522388, train auc=0.9768393393393394, test auc=0.8346702317290553
train acc=0.9713216957605985, test acc=0.8059701492537313, train auc=0.9706095972750951, test auc=0.805940594059406
train acc=0.9738154613466334, test acc=0.8606965174129353, train auc=0.9737323436374455, test auc=0.8603683897801544
train acc=0.9763092269326683, test acc=0.8855721393034826, train auc=0.9759826690640295, test auc=0.8860513739545999
train acc=0.9763092269326683, test acc=0.8606965174129353, train auc=0.9758722671458522, test auc=0.8594405594405595
train acc=0.972568578553616, test acc=0.8855721393034826, train auc=0.9727375262498676, test auc=0.8882709807886753
train acc=0.9638403990024937, test acc=0.8756218905472637, train auc=0.9635253903204275, test auc=0.8737237237237238
train acc=0.9713216957605985, test acc=0.8656716417910447, train auc=0.9708195984417142, test auc=0.8660394265232976
train acc=0.9663341645885287, test acc=0.9104477611940298, train auc=0.9666166166166167, test auc=0.9105763517528223
train acc=0.9688279301745636, test acc=0.8855721393034826, train auc=0.968327731776163, test auc=0.8856435643564357
train acc=0.9750623441396509, test acc=0.8258706467661692, train auc=0.9742724403927069, test auc=0.8258910891089108
train acc=0.970074812967581, test acc=0.8656716417910447, train auc=0.9700074794315631, test auc=0.8652450090744102
train acc=0.972568578553616, test acc=0.8955223880597015, train auc=0.9721924932875196, test auc=0.8955940594059407
train acc=0.9763092269326683, test acc=0.8855721393034826, train auc=0.9755790344412694, test auc=0.8856251238359422
train acc=0.983790523690773, test acc=0.8507462686567164, train auc=0.9836423593827774, test auc=0.8519585253456222
train acc=0.9738154613466334, test acc=0.8805970149253731, train auc=0.973482181247157, test auc=0.8795247724974722
train acc=0.9650872817955112, test acc=0.8905472636815921, train auc=0.9643279279053915, test auc=0.8897364771151179
train acc=0.9775561097256857, test acc=0.8557213930348259, train auc=0.9769212021222745, test auc=0.8552083333333333
train acc=0.9738154613466334, test acc=0.8756218905472637, train auc=0.9734246986257711, test auc=0.8760416666666666
train acc=0.9713216957605985, test acc=0.8756218905472637, train auc=0.9710117799740441, test auc=0.8711788211788212
train acc=0.9675810473815462, test acc=0.8855721393034826, train auc=0.9672299825392866, test auc=0.886938202247191
train acc=0.9738154613466334, test acc=0.8756218905472637, train auc=0.9737402324183531, test auc=0.8754950495049505
train acc=0.972568578553616, test acc=0.8756218905472637, train auc=0.9721910252570629, test auc=0.874025974025974
train acc=0.970074812967581, test acc=0.8756218905472637, train auc=0.9700328816261458, test auc=0.8744129058607311
train acc=0.972568578553616, test acc=0.8855721393034826, train auc=0.9719193362410387, test auc=0.8858727957202298
train acc=0.972568578553616, test acc=0.8557213930348259, train auc=0.9723345312967955, test auc=0.8558441558441559
train acc=0.9650872817955112, test acc=0.8706467661691543, train auc=0.9636271262983591, test auc=0.8703869047619048
train acc=0.9688279301745636, test acc=0.900497512437811, train auc=0.9684127311473155, test auc=0.8994047619047619
train acc=0.9688279301745636, test acc=0.8855721393034826, train auc=0.9684148166625093, test auc=0.8857845104333868
train acc=0.9688279301745636, test acc=0.8557213930348259, train auc=0.9685457720129709, test auc=0.8497692616372391
train acc=0.9750623441396509, test acc=0.8905472636815921, train auc=0.9743735372132937, test auc=0.8923015556441962
train acc=0.9688279301745636, test acc=0.8557213930348259, train auc=0.9683413949134029, test auc=0.8559533306741125
train acc=0.9763092269326683, test acc=0.8507462686567164, train auc=0.976149559478223, test auc=0.8398237343717975
train acc=0.972568578553616, test acc=0.8706467661691543, train auc=0.9721063021640262, test auc=0.8697120158887786
train acc=0.972568578553616, test acc=0.8955223880597015, train auc=0.9725975975975976, test auc=0.8949792038027332
train acc=0.9650872817955112, test acc=0.8855721393034826, train auc=0.9648125996810207, test auc=0.8819979716024341
train acc=0.9688279301745636, test acc=0.9054726368159204, train auc=0.9684957248895988, test auc=0.9056743909685085
train acc=0.9713216957605985, test acc=0.8706467661691543, train auc=0.9709380778649608, test auc=0.8669811320754717
train acc=0.9638403990024937, test acc=0.8656716417910447, train auc=0.9631678350979669, test auc=0.8657123043392114
train acc=0.970074812967581, test acc=0.8805970149253731, train auc=0.9698178533794972, test auc=0.8799107142857143
train acc=0.9775561097256857, test acc=0.8656716417910447, train auc=0.9774685346119268, test auc=0.8660394265232976
train acc=0.970074812967581, test acc=0.8606965174129353, train auc=0.9698639519317581, test auc=0.8614982578397212
train acc=0.9675810473815462, test acc=0.8557213930348259, train auc=0.9672293073268318, test auc=0.8532910388580491
train acc=0.9688279301745636, test acc=0.8606965174129353, train auc=0.9685631635712993, test auc=0.8534794851166532
train acc=0.972568578553616, test acc=0.8905472636815921, train auc=0.9723754839433669, test auc=0.8863133547868061
train acc=0.9763092269326683, test acc=0.8756218905472637, train auc=0.9754785323965652, test auc=0.8754225492145555
train acc=0.9812967581047382, test acc=0.8507462686567164, train auc=0.9807676684352287, test auc=0.8495535714285714
train acc=0.9775561097256857, test acc=0.8805970149253731, train auc=0.97707551887972, test auc=0.8794111816019032
train acc=0.9650872817955112, test acc=0.900497512437811, train auc=0.9644222599830077, test auc=0.8991062562065542
train acc=0.9663341645885287, test acc=0.8855721393034826, train auc=0.9662402849740933, test auc=0.8793138656320196
train acc=0.972568578553616, test acc=0.8955223880597015, train auc=0.9722014553429027, test auc=0.8969066937119675
train acc=0.9775561097256857, test acc=0.8606965174129353, train auc=0.9767791993602879, test auc=0.8608242303872891
train acc=0.9750623441396509, test acc=0.845771144278607, train auc=0.9748232582764956, test auc=0.8456959706959707
train acc=0.9663341645885287, test acc=0.8905472636815921, train auc=0.965646896896897, test auc=0.8900772430184195
train acc=0.9775561097256857, test acc=0.8159203980099502, train auc=0.9769451546598487, test auc=0.8179116306716862
train acc=0.9688279301745636, test acc=0.8706467661691543, train auc=0.9677847089432933, test auc=0.8711835844567803
train acc=0.972568578553616, test acc=0.8606965174129353, train auc=0.9720815527400742, test auc=0.8635551142005958
train acc=0.9613466334164589, test acc=0.8905472636815921, train auc=0.9608476494831177, test auc=0.8899841489994056
train acc=0.9812967581047382, test acc=0.8756218905472637, train auc=0.9809426498434541, test auc=0.8742559523809523
train acc=0.9738154613466334, test acc=0.8656716417910447, train auc=0.9727084379708689, test auc=0.8667230065619407
train acc=0.9675810473815462, test acc=0.8507462686567164, train auc=0.9671649243251677, test auc=0.8479756681292381
train acc=0.970074812967581, test acc=0.8855721393034826, train auc=0.9696522064323112, test auc=0.8814277071990321
train acc=0.9688279301745636, test acc=0.8507462686567164, train auc=0.9689386380643552, test auc=0.8510734349919742
train acc=0.9812967581047382, test acc=0.8507462686567164, train auc=0.9809742388758782, test auc=0.85076555975343
train acc=0.9675810473815462, test acc=0.8706467661691543, train auc=0.967142393367296, test auc=0.8706690561529271
train acc=0.9675810473815462, test acc=0.845771144278607, train auc=0.967210961782603, test auc=0.8455518129581931
train acc=0.9763092269326683, test acc=0.900497512437811, train auc=0.976149559478223, test auc=0.8970075835212132
train acc=0.9713216957605985, test acc=0.8407960199004975, train auc=0.9708989747436858, test auc=0.8399088025376685
train acc=0.9738154613466334, test acc=0.8955223880597015, train auc=0.9730432608152039, test auc=0.8945281522601111
train acc=0.970074812967581, test acc=0.8656716417910447, train auc=0.9696890286512926, test auc=0.863986013986014
train acc=0.9788029925187033, test acc=0.8656716417910447, train auc=0.9784366661042264, test auc=0.8669642857142857
train acc=0.9663341645885287, test acc=0.8805970149253731, train auc=0.9658386643782182, test auc=0.8788891104906262
train acc=0.9775561097256857, test acc=0.8656716417910447, train auc=0.9771644858876021, test auc=0.8662076481077868
train acc=0.9713216957605985, test acc=0.8955223880597015, train auc=0.9709187148865432, test auc=0.8968750000000001
train acc=0.9763092269326683, test acc=0.8557213930348259, train auc=0.97630631810725, test auc=0.8567567567567568
train acc=0.972568578553616, test acc=0.8606965174129353, train auc=0.9719193362410387, test auc=0.8608579354071726
train acc=0.9688279301745636, test acc=0.8805970149253731, train auc=0.9681629834254143, test auc=0.8826804533704513
train acc=0.9713216957605985, test acc=0.8606965174129353, train auc=0.9709187148865432, test auc=0.8608630952380953
train acc=0.9750623441396509, test acc=0.8805970149253731, train auc=0.974921982976967, test auc=0.8800277392510403
train acc=0.9812967581047382, test acc=0.8706467661691543, train auc=0.9807695928010692, test auc=0.8724428997020853
train acc=0.9713216957605985, test acc=0.8656716417910447, train auc=0.9708944304349181, test auc=0.8713875794220127
train acc=0.9638403990024937, test acc=0.8805970149253731, train auc=0.9635057901567335, test auc=0.8757242757242757
train acc=0.9663341645885287, test acc=0.9104477611940298, train auc=0.965927832475386, test auc=0.9085402184707051
train acc=0.9750623441396509, test acc=0.845771144278607, train auc=0.974560461303635, test auc=0.8490143369175627
train acc=0.9650872817955112, test acc=0.8656716417910447, train auc=0.9645411352838209, test auc=0.8642942109436954
train acc=0.9688279301745636, test acc=0.8955223880597015, train auc=0.9687546886721681, test auc=0.8955689928628072
train acc=0.9775561097256857, test acc=0.8606965174129353, train auc=0.9772687609075043, test auc=0.8540532365396251
train acc=0.9788029925187033, test acc=0.8656716417910447, train auc=0.9780867032877756, test auc=0.8647321428571428
train acc=0.9663341645885287, test acc=0.8855721393034826, train auc=0.9661376649240727, test auc=0.8834301722349035
train acc=0.9588528678304239, test acc=0.8905472636815921, train auc=0.9589245705750562, test auc=0.89422079269558
train acc=0.9750623441396509, test acc=0.8756218905472637, train auc=0.9742402369748214, test auc=0.8747023809523808
train acc=0.972568578553616, test acc=0.8606965174129353, train auc=0.9719656518345043, test auc=0.8601113541459534
train acc=0.9750623441396509, test acc=0.9104477611940298, train auc=0.9746856842316169, test auc=0.9104455445544555
train acc=0.9738154613466334, test acc=0.8159203980099502, train auc=0.9732641609980879, test auc=0.8169111816019032
train acc=0.9650872817955112, test acc=0.9104477611940298, train auc=0.9648446515341479, test auc=0.9073573573573573
train acc=0.970074812967581, test acc=0.8606965174129353, train auc=0.9700328816261458, test auc=0.8634878497039002
train acc=0.9713216957605985, test acc=0.8955223880597015, train auc=0.9711773509603392, test auc=0.8970204654895666
train acc=0.970074812967581, test acc=0.845771144278607, train auc=0.9698472401554421, test auc=0.8477477477477477
train acc=0.9663341645885287, test acc=0.8606965174129353, train auc=0.9659141930656023, test auc=0.8565409309791333
train acc=0.9738154613466334, test acc=0.8855721393034826, train auc=0.9734791729097992, test auc=0.8838112305854242
train acc=0.9750623441396509, test acc=0.8507462686567164, train auc=0.9749937640309304, test auc=0.8522271268057786
train acc=0.9675810473815462, test acc=0.9054726368159204, train auc=0.9670714896112077, test auc=0.9007507507507508
train acc=0.9750623441396509, test acc=0.8507462686567164, train auc=0.9747126006599425, test auc=0.8512012012012012
train acc=0.9675810473815462, test acc=0.9104477611940298, train auc=0.9662814369382067, test auc=0.9116161616161618
train acc=0.9763092269326683, test acc=0.8557213930348259, train auc=0.975938429311538, test auc=0.8578539823008849
train_acc_list: min=0.9588528678304239, max=0.983790523690773, mean=0.9714713216957604, var=2.23448029966646e-05
test_acc_list: min=0.8059701492537313, max=0.9203980099502488, mean=0.8713764510779436, var=0.0004337802419632079
train_auc_list: min=0.9586015441465132, max=0.9836423593827774, mean=0.971027469375075, var=2.256963751618658e-05
test_auc_list: min=0.805940594059406, max=0.9202380952380952, mean=0.8707916542420613, var=0.00043309313446540117
