Namespace(rate=0.2, data_file_dir='../Data/', data_dir='../Data/functional_connectivity/node=15_size=4800_step=4800_rho=0.100000/', output='./nu_node=15_size=4800_step=4800_rho=0.100000_num_iter=150.log', num_iter=150, Linear=False)
train acc=0.9488778054862843, test acc=0.8159203980099502, train auc=0.9490017579105977, test auc=0.8187015311195068
train acc=0.9501246882793017, test acc=0.8208955223880597, train auc=0.9503905860037936, test auc=0.8221278721278722
train acc=0.9538653366583542, test acc=0.8606965174129353, train auc=0.9540755169313755, test auc=0.8636499402628435
train acc=0.9438902743142145, test acc=0.7960199004975125, train auc=0.9438778379797146, test auc=0.796279761904762
train acc=0.9538653366583542, test acc=0.8009950248756219, train auc=0.9540493752822521, test auc=0.8028273809523809
train acc=0.9538653366583542, test acc=0.7960199004975125, train auc=0.9531519388106956, test auc=0.7969865186360031
train acc=0.9513715710723192, test acc=0.8258706467661692, train auc=0.9515538052181933, test auc=0.8273003033367038
train acc=0.9501246882793017, test acc=0.8059701492537313, train auc=0.9502348942975662, test auc=0.8062065541211518
train acc=0.9526184538653366, test acc=0.835820895522388, train auc=0.9524432402130244, test auc=0.8337912087912087
train acc=0.9551122194513716, test acc=0.8308457711442786, train auc=0.9554201050262566, test auc=0.8306403647898493
train acc=0.9600997506234414, test acc=0.835820895522388, train auc=0.9603909753800284, test auc=0.8334834834834834
train acc=0.9501246882793017, test acc=0.8009950248756219, train auc=0.9499600678845962, test auc=0.7982517482517483
train acc=0.9538653366583542, test acc=0.7711442786069652, train auc=0.9542706397040878, test auc=0.7708910891089109
train acc=0.9413965087281796, test acc=0.835820895522388, train auc=0.9410218914240362, test auc=0.8348214285714286
train acc=0.9413965087281796, test acc=0.8258706467661692, train auc=0.9415580361602237, test auc=0.8207885304659498
train acc=0.9576059850374065, test acc=0.8507462686567164, train auc=0.9578965758211041, test auc=0.8531968031968031
train acc=0.9538653366583542, test acc=0.8109452736318408, train auc=0.9546546546546547, test auc=0.8100118835412953
train acc=0.9551122194513716, test acc=0.7960199004975125, train auc=0.9552062966862185, test auc=0.7970081236378047
train acc=0.9538653366583542, test acc=0.8009950248756219, train auc=0.953751756440281, test auc=0.8020978325710876
train acc=0.9588528678304239, test acc=0.8855721393034826, train auc=0.9587387590068555, test auc=0.8846726190476191
train acc=0.9600997506234414, test acc=0.8258706467661692, train auc=0.9602504049380554, test auc=0.82588666534575
train acc=0.9625935162094763, test acc=0.835820895522388, train auc=0.9629708689100954, test auc=0.8380393716444622
train acc=0.9600997506234414, test acc=0.8308457711442786, train auc=0.9599042601723567, test auc=0.8331845238095237
train acc=0.9513715710723192, test acc=0.8407960199004975, train auc=0.9514428827751197, test auc=0.8353448275862069
train acc=0.9538653366583542, test acc=0.8159203980099502, train auc=0.9545437518729397, test auc=0.81526284348865
train acc=0.9600997506234414, test acc=0.8009950248756219, train auc=0.9604869088758133, test auc=0.7978069276491084
train acc=0.9538653366583542, test acc=0.8159203980099502, train auc=0.9542455894847319, test auc=0.8156405163853029
train acc=0.942643391521197, test acc=0.8507462686567164, train auc=0.9427475679720628, test auc=0.8510734349919742
train acc=0.956359102244389, test acc=0.8557213930348259, train auc=0.9562203050762691, test auc=0.8553727200634418
train acc=0.9526184538653366, test acc=0.8159203980099502, train auc=0.9530773651856664, test auc=0.8134558093346573
train acc=0.9476309226932669, test acc=0.7960199004975125, train auc=0.9474098360655737, test auc=0.7929011731954664
train acc=0.956359102244389, test acc=0.8159203980099502, train auc=0.9572144445488427, test auc=0.815805109922757
train acc=0.9488778054862843, test acc=0.8407960199004975, train auc=0.9490665369237199, test auc=0.8442942942942941
train acc=0.9488778054862843, test acc=0.8407960199004975, train auc=0.9484896451655455, test auc=0.844384707287933
train acc=0.9538653366583542, test acc=0.7910447761194029, train auc=0.9546180380121884, test auc=0.7918918918918919
train acc=0.9576059850374065, test acc=0.835820895522388, train auc=0.9575002649609415, test auc=0.8326126307320997
train acc=0.9476309226932669, test acc=0.8258706467661692, train auc=0.9481416812172612, test auc=0.8275983146067416
train acc=0.9551122194513716, test acc=0.8557213930348259, train auc=0.9555613824792728, test auc=0.8560334528076464
train acc=0.9551122194513716, test acc=0.835820895522388, train auc=0.9553883867587344, test auc=0.8334834834834834
train acc=0.956359102244389, test acc=0.8009950248756219, train auc=0.9567803876653085, test auc=0.8008910891089109
train acc=0.9488778054862843, test acc=0.835820895522388, train auc=0.9490684974254954, test auc=0.8325189469485441
train acc=0.9551122194513716, test acc=0.8407960199004975, train auc=0.9555613824792728, test auc=0.8354241338112306
train acc=0.9538653366583542, test acc=0.8109452736318408, train auc=0.9538700814259874, test auc=0.8110396039603961
train acc=0.9463840399002493, test acc=0.8507462686567164, train auc=0.94619279819955, test auc=0.8491772402854877
train acc=0.9501246882793017, test acc=0.8059701492537313, train auc=0.9504012490241999, test auc=0.8035394710678067
train acc=0.9488778054862843, test acc=0.835820895522388, train auc=0.9484734734734734, test auc=0.8357100415923946
train acc=0.9538653366583542, test acc=0.8308457711442786, train auc=0.9532408335003005, test auc=0.8309405940594059
train acc=0.9463840399002493, test acc=0.845771144278607, train auc=0.9458893169219206, test auc=0.8452168746286393
train acc=0.9551122194513716, test acc=0.8258706467661692, train auc=0.9550931475377085, test auc=0.8282556750298686
train acc=0.9551122194513716, test acc=0.8009950248756219, train auc=0.955394579215334, test auc=0.8010989010989013
train acc=0.9576059850374065, test acc=0.8308457711442786, train auc=0.9577447235429376, test auc=0.8287158746208292
train acc=0.9576059850374065, test acc=0.8606965174129353, train auc=0.9574779967190005, test auc=0.8581081081081081
train acc=0.9451371571072319, test acc=0.8407960199004975, train auc=0.9457034761762062, test auc=0.8413978494623656
train acc=0.9376558603491272, test acc=0.8109452736318408, train auc=0.9370870870870871, test auc=0.8112002376708259
train acc=0.9351620947630923, test acc=0.8258706467661692, train auc=0.9349468321473052, test auc=0.8257920792079207
train acc=0.9513715710723192, test acc=0.7761194029850746, train auc=0.9515565517932278, test auc=0.7761881188118812
train acc=0.9538653366583542, test acc=0.8258706467661692, train auc=0.9545312889553726, test auc=0.8260738052026617
train acc=0.9463840399002493, test acc=0.8557213930348259, train auc=0.9461405584032747, test auc=0.8557920792079208
train acc=0.9588528678304239, test acc=0.8258706467661692, train auc=0.958427332430942, test auc=0.82588666534575
train acc=0.9588528678304239, test acc=0.8606965174129353, train auc=0.9591401194624191, test auc=0.8624842899036448
train acc=0.9488778054862843, test acc=0.8507462686567164, train auc=0.9495036671921833, test auc=0.8534378159757332
train acc=0.9538653366583542, test acc=0.8308457711442786, train auc=0.9540747087260243, test auc=0.8304933623935011
train acc=0.9463840399002493, test acc=0.8109452736318408, train auc=0.946733784535393, test auc=0.8105654761904763
train acc=0.9476309226932669, test acc=0.845771144278607, train auc=0.9480742671091196, test auc=0.8470238095238094
train acc=0.9526184538653366, test acc=0.8059701492537313, train auc=0.9528925826095637, test auc=0.8008991008991008
train acc=0.9501246882793017, test acc=0.8407960199004975, train auc=0.9503803941132453, test auc=0.8398374799357945
train acc=0.9476309226932669, test acc=0.7711442786069652, train auc=0.9478937086756162, test auc=0.7710891089108911
train acc=0.9389027431421446, test acc=0.7761194029850746, train auc=0.938916342218229, test auc=0.7802697302697302
train acc=0.9513715710723192, test acc=0.8159203980099502, train auc=0.9515369669190912, test auc=0.8128445987339188
train acc=0.9501246882793017, test acc=0.8407960199004975, train auc=0.9497418158119015, test auc=0.8406974440261542
train acc=0.956359102244389, test acc=0.8208955223880597, train auc=0.9567173305380852, test auc=0.8230769230769232
train acc=0.9551122194513716, test acc=0.8109452736318408, train auc=0.9554230016558785, test auc=0.8123511904761904
train acc=0.9538653366583542, test acc=0.8308457711442786, train auc=0.9540767543448508, test auc=0.8296130952380953
train acc=0.9501246882793017, test acc=0.8009950248756219, train auc=0.9503803941132453, test auc=0.8041231942215089
train acc=0.9551122194513716, test acc=0.8258706467661692, train auc=0.9555125966575206, test auc=0.8252909309791332
train acc=0.9538653366583542, test acc=0.8109452736318408, train auc=0.9543735372132938, test auc=0.8087355404866374
train acc=0.9538653366583542, test acc=0.7910447761194029, train auc=0.9542237478545794, test auc=0.7886916633426406
train acc=0.9488778054862843, test acc=0.8208955223880597, train auc=0.9486846611251206, test auc=0.8259889321582291
train acc=0.9526184538653366, test acc=0.7761194029850746, train auc=0.9524026687990405, test auc=0.776266137040715
train acc=0.9625935162094763, test acc=0.8059701492537313, train auc=0.9623686186186186, test auc=0.8054070112893642
train acc=0.9625935162094763, test acc=0.8059701492537313, train auc=0.9630557216905902, test auc=0.8036004056795132
train acc=0.956359102244389, test acc=0.8308457711442786, train auc=0.9563625544176141, test auc=0.8306595365418895
train acc=0.942643391521197, test acc=0.8507462686567164, train auc=0.9432255485031736, test auc=0.8475670307845085
train acc=0.9538653366583542, test acc=0.8109452736318408, train auc=0.9540747087260243, test auc=0.8098375272439075
train acc=0.9526184538653366, test acc=0.8159203980099502, train auc=0.9526757489086257, test auc=0.8148809523809524
train acc=0.9501246882793017, test acc=0.8009950248756219, train auc=0.9505543901708122, test auc=0.7998805256869774
train acc=0.956359102244389, test acc=0.7910447761194029, train auc=0.9565237694965909, test auc=0.8064664890346381
train acc=0.9501246882793017, test acc=0.845771144278607, train auc=0.9493185796449112, test auc=0.8440226011102299
train acc=0.9576059850374065, test acc=0.8507462686567164, train auc=0.9579990149687346, test auc=0.8484010458567981
train acc=0.9476309226932669, test acc=0.8059701492537313, train auc=0.9479990773124856, test auc=0.8085780370072406
train acc=0.9463840399002493, test acc=0.8407960199004975, train auc=0.9465636221701795, test auc=0.8362497514416385
train acc=0.9588528678304239, test acc=0.7910447761194029, train auc=0.9592637032315317, test auc=0.7901785714285715
train acc=0.9538653366583542, test acc=0.8507462686567164, train auc=0.9538947236809202, test auc=0.8505650277557495
train acc=0.9451371571072319, test acc=0.8557213930348259, train auc=0.945393323004648, test auc=0.8550148957298908
train acc=0.9538653366583542, test acc=0.845771144278607, train auc=0.9543144679155041, test auc=0.8418419440473759
train acc=0.956359102244389, test acc=0.8308457711442786, train auc=0.956863038277512, test auc=0.8251521298174441
train acc=0.9488778054862843, test acc=0.845771144278607, train auc=0.9499100404817832, test auc=0.8466732869910626
train acc=0.9476309226932669, test acc=0.7960199004975125, train auc=0.9478463982061104, test auc=0.7912087912087912
train acc=0.9451371571072319, test acc=0.8009950248756219, train auc=0.9448073073073073, test auc=0.8002079619726679
train acc=0.9476309226932669, test acc=0.7661691542288557, train auc=0.9483255627412643, test auc=0.7671388943927085
train acc=0.9389027431421446, test acc=0.8557213930348259, train auc=0.9382934704241246, test auc=0.856413560666138
train acc=0.9576059850374065, test acc=0.8706467661691543, train auc=0.9579372101633441, test auc=0.8729890764647468
train acc=0.9451371571072319, test acc=0.8557213930348259, train auc=0.9450159786367816, test auc=0.8560035664751338
train acc=0.9526184538653366, test acc=0.8507462686567164, train auc=0.9525612903628989, test auc=0.8504464285714286
train acc=0.9501246882793017, test acc=0.8407960199004975, train auc=0.9506278252134606, test auc=0.8440047723205408
train acc=0.9463840399002493, test acc=0.8407960199004975, train auc=0.9465657668903106, test auc=0.8379537295572398
train acc=0.9551122194513716, test acc=0.8606965174129353, train auc=0.9552480678135128, test auc=0.8581367211131277
train acc=0.9538653366583542, test acc=0.8208955223880597, train auc=0.9539348964829134, test auc=0.8185192616372391
train acc=0.9526184538653366, test acc=0.8258706467661692, train auc=0.953392661982826, test auc=0.8261085702923046
train acc=0.9438902743142145, test acc=0.835820895522388, train auc=0.9437493756867446, test auc=0.8352747909199523
train acc=0.9476309226932669, test acc=0.7960199004975125, train auc=0.9486494768638095, test auc=0.7952744204477907
train acc=0.9526184538653366, test acc=0.835820895522388, train auc=0.9526478005043428, test auc=0.8310104529616725
train acc=0.9364089775561097, test acc=0.7960199004975125, train auc=0.9370717679419855, test auc=0.7949048374306106
train acc=0.956359102244389, test acc=0.8258706467661692, train auc=0.956945486371593, test auc=0.8230570975416336
train acc=0.9501246882793017, test acc=0.8308457711442786, train auc=0.9502470799640611, test auc=0.835014985014985
train acc=0.9625935162094763, test acc=0.8009950248756219, train auc=0.9627602067280351, test auc=0.8032738095238094
train acc=0.9513715710723192, test acc=0.8009950248756219, train auc=0.9512716492432517, test auc=0.7961707219784603
train acc=0.9576059850374065, test acc=0.8308457711442786, train auc=0.9577192058956234, test auc=0.832227065583515
train acc=0.9476309226932669, test acc=0.7910447761194029, train auc=0.9473743414762181, test auc=0.7919642857142858
train acc=0.9526184538653366, test acc=0.8159203980099502, train auc=0.9530243205648808, test auc=0.8207207207207207
train acc=0.9588528678304239, test acc=0.8208955223880597, train auc=0.9590853261142026, test auc=0.8212799682979989
train acc=0.9613466334164589, test acc=0.8109452736318408, train auc=0.9608550979407334, test auc=0.8153211374030622
train acc=0.9476309226932669, test acc=0.7910447761194029, train auc=0.9468493972515419, test auc=0.790625
train acc=0.9476309226932669, test acc=0.835820895522388, train auc=0.9484618607763553, test auc=0.8355954032098276
train acc=0.9625935162094763, test acc=0.8109452736318408, train auc=0.9629699354280015, test auc=0.8136544190665342
train acc=0.9526184538653366, test acc=0.8159203980099502, train auc=0.9528221412782915, test auc=0.8217872514859602
train acc=0.9538653366583542, test acc=0.7910447761194029, train auc=0.95450234601178, test auc=0.7853646353646354
train acc=0.9526184538653366, test acc=0.835820895522388, train auc=0.95290869108901, test auc=0.8328699106256207
train acc=0.9476309226932669, test acc=0.8159203980099502, train auc=0.9473558583174729, test auc=0.8197431302270013
train acc=0.9463840399002493, test acc=0.8009950248756219, train auc=0.9465553888472118, test auc=0.7983247422680412
train acc=0.9501246882793017, test acc=0.8159203980099502, train auc=0.9500437609402351, test auc=0.8155233941316415
train acc=0.942643391521197, test acc=0.8258706467661692, train auc=0.9427511842433308, test auc=0.8206291591046582
train acc=0.9526184538653366, test acc=0.8557213930348259, train auc=0.9529112531793495, test auc=0.8556547619047619
train acc=0.9625935162094763, test acc=0.8706467661691543, train auc=0.9629076425192931, test auc=0.8622120771944386
train acc=0.956359102244389, test acc=0.8507462686567164, train auc=0.9564973861090367, test auc=0.8614339074496783
train acc=0.9551122194513716, test acc=0.7960199004975125, train auc=0.9550672741021268, test auc=0.7944940476190475
train acc=0.9451371571072319, test acc=0.8208955223880597, train auc=0.9450679156908666, test auc=0.8214356730960429
train acc=0.9513715710723192, test acc=0.8159203980099502, train auc=0.9505234421959526, test auc=0.8159900990099009
train acc=0.942643391521197, test acc=0.7562189054726368, train auc=0.9433058524811134, test auc=0.757137192704203
train acc=0.9576059850374065, test acc=0.7810945273631841, train auc=0.9583013654197621, test auc=0.7786786786786787
train acc=0.9551122194513716, test acc=0.835820895522388, train auc=0.9552361498605021, test auc=0.8405146007759854
train acc=0.9551122194513716, test acc=0.8407960199004975, train auc=0.9557745073584434, test auc=0.8421448635634028
train acc=0.9451371571072319, test acc=0.7810945273631841, train auc=0.9455204376329398, test auc=0.7818318318318317
train acc=0.9501246882793017, test acc=0.8059701492537313, train auc=0.9509042155150911, test auc=0.8028190208667736
train acc=0.9588528678304239, test acc=0.8009950248756219, train auc=0.9595507441814005, test auc=0.7983870967741936
train acc=0.9501246882793017, test acc=0.8059701492537313, train auc=0.9503803941132453, test auc=0.8097411717495988
train acc=0.9526184538653366, test acc=0.8606965174129353, train auc=0.9524754080977066, test auc=0.854954954954955
train acc=0.9600997506234414, test acc=0.7810945273631841, train auc=0.9609398878472027, test auc=0.7818318318318317
train acc=0.9488778054862843, test acc=0.845771144278607, train auc=0.9484011400294403, test auc=0.8465537730243613
train acc=0.9551122194513716, test acc=0.8159203980099502, train auc=0.9557484055585689, test auc=0.8174275945293645
train_acc_list: min=0.9351620947630923, max=0.9625935162094763, mean=0.9519368246051539, var=3.1065036217989235e-05
test_acc_list: min=0.7562189054726368, max=0.8855721393034826, mean=0.8221227197346601, var=0.0005854431545973831
train_auc_list: min=0.9349468321473052, max=0.9630557216905902, mean=0.9521083045656328, var=3.194214494541049e-05
test_auc_list: min=0.757137192704203, max=0.8846726190476191, mean=0.8219167834035584, var=0.0005824321493584568
