Namespace(rate=0.2, data_file_dir='../Data/', data_dir='../Data/functional_connectivity/node=25_size=4800_step=4800_rho=0.100000/', output='./nu_node=25_size=4800_step=4800_rho=0.100000_num_iter=150.log', num_iter=150, Linear=False)
train acc=0.9713216957605985, test acc=0.8656716417910447, train auc=0.9701908588648921, test auc=0.8699542652614833
train acc=0.9713216957605985, test acc=0.8507462686567164, train auc=0.9708682739343115, test auc=0.856043956043956
train acc=0.970074812967581, test acc=0.9154228855721394, train auc=0.9696458895215264, test auc=0.9153225806451614
train acc=0.972568578553616, test acc=0.8905472636815921, train auc=0.9722591974602699, test auc=0.8907738095238096
train acc=0.9750623441396509, test acc=0.8805970149253731, train auc=0.9739199157007377, test auc=0.8821428571428571
train acc=0.9738154613466334, test acc=0.8606965174129353, train auc=0.9737155575060342, test auc=0.8622620935765265
train acc=0.9675810473815462, test acc=0.8955223880597015, train auc=0.9674034285286988, test auc=0.8955005055611729
train acc=0.9663341645885287, test acc=0.9154228855721394, train auc=0.9657591583787297, test auc=0.913803376365442
train acc=0.9675810473815462, test acc=0.8855721393034826, train auc=0.9674296926095487, test auc=0.8916361416361416
train acc=0.9750623441396509, test acc=0.8706467661691543, train auc=0.9745686421605403, test auc=0.8694488501189532
train acc=0.9738154613466334, test acc=0.8805970149253731, train auc=0.9738050237966028, test auc=0.8782282282282282
train acc=0.9812967581047382, test acc=0.8756218905472637, train auc=0.9813067784765898, test auc=0.8711788211788212
train acc=0.9750623441396509, test acc=0.8258706467661692, train auc=0.9751027995268405, test auc=0.8256930693069308
train acc=0.9788029925187033, test acc=0.8656716417910447, train auc=0.978261684696001, test auc=0.8633928571428571
train acc=0.9763092269326683, test acc=0.8407960199004975, train auc=0.9759826690640295, test auc=0.8376642771804061
train acc=0.9750623441396509, test acc=0.9104477611940298, train auc=0.9745495158231008, test auc=0.9096403596403597
train acc=0.9713216957605985, test acc=0.8507462686567164, train auc=0.9704704704704704, test auc=0.8502673796791445
train acc=0.9738154613466334, test acc=0.8905472636815921, train auc=0.9730661252318644, test auc=0.890479492767981
train acc=0.9750623441396509, test acc=0.845771144278607, train auc=0.9746323185011709, test auc=0.8454464108172599
train acc=0.9713216957605985, test acc=0.9303482587064676, train auc=0.9702187892536418, test auc=0.9302083333333335
train acc=0.9775561097256857, test acc=0.8407960199004975, train auc=0.9774297846792703, test auc=0.8399544283732913
train acc=0.9713216957605985, test acc=0.8557213930348259, train auc=0.9706805625313913, test auc=0.8612547226088686
train acc=0.9738154613466334, test acc=0.8855721393034826, train auc=0.9734246986257711, test auc=0.8869047619047619
train acc=0.9750623441396509, test acc=0.8855721393034826, train auc=0.9749115330940988, test auc=0.8819979716024341
train acc=0.9688279301745636, test acc=0.8905472636815921, train auc=0.9686282589151934, test auc=0.887694145758662
train acc=0.970074812967581, test acc=0.8905472636815921, train auc=0.9698639519317581, test auc=0.882916581266653
train acc=0.9750623441396509, test acc=0.8656716417910447, train auc=0.9746114248588135, test auc=0.8622641509433963
train acc=0.9713216957605985, test acc=0.8855721393034826, train auc=0.9710463956098777, test auc=0.8823234349919743
train acc=0.972568578553616, test acc=0.8955223880597015, train auc=0.9715178794698676, test auc=0.8962628865979381
train acc=0.9825436408977556, test acc=0.8805970149253731, train auc=0.9821267929431756, test auc=0.8802383316782523
train acc=0.9800498753117207, test acc=0.8706467661691543, train auc=0.9794785323965652, test auc=0.8681646450586598
train acc=0.9763092269326683, test acc=0.8905472636815921, train auc=0.9762441667449654, test auc=0.8909685086155675
train acc=0.9763092269326683, test acc=0.8656716417910447, train auc=0.9760318618736628, test auc=0.8668168168168169
train acc=0.972568578553616, test acc=0.9154228855721394, train auc=0.971287868794794, test auc=0.9183094384707289
train acc=0.9738154613466334, test acc=0.8905472636815921, train auc=0.9736677956798093, test auc=0.8914414414414414
train acc=0.9675810473815462, test acc=0.8905472636815921, train auc=0.967126140111346, test auc=0.8875703942075623
train acc=0.9675810473815462, test acc=0.900497512437811, train auc=0.9672299825392866, test auc=0.899177367576244
train acc=0.9738154613466334, test acc=0.8606965174129353, train auc=0.9734791729097992, test auc=0.8621565113500598
train acc=0.9763092269326683, test acc=0.8706467661691543, train auc=0.9758946337568691, test auc=0.8681681681681682
train acc=0.9763092269326683, test acc=0.8855721393034826, train auc=0.9754564173817257, test auc=0.8855445544554456
train acc=0.9738154613466334, test acc=0.8805970149253731, train auc=0.9733468559837729, test auc=0.8780414838452333
train acc=0.972568578553616, test acc=0.9154228855721394, train auc=0.9721493856757567, test auc=0.9138291517323777
train acc=0.972568578553616, test acc=0.8706467661691543, train auc=0.9719922141484694, test auc=0.8706435643564358
train acc=0.9775561097256857, test acc=0.8407960199004975, train auc=0.9772568142035509, test auc=0.8395618556701031
train acc=0.9738154613466334, test acc=0.8656716417910447, train auc=0.9729742388758782, test auc=0.8615529926426725
train acc=0.9763092269326683, test acc=0.8507462686567164, train auc=0.9756819319319318, test auc=0.8495246583481878
train acc=0.970074812967581, test acc=0.8407960199004975, train auc=0.9692509016229213, test auc=0.8407425742574257
train acc=0.9738154613466334, test acc=0.8507462686567164, train auc=0.9739453161702527, test auc=0.8505644682115271
train acc=0.9788029925187033, test acc=0.9054726368159204, train auc=0.9784861652182598, test auc=0.9045698924731183
train acc=0.9800498753117207, test acc=0.8706467661691543, train auc=0.9798405211141061, test auc=0.8675824175824176
train acc=0.972568578553616, test acc=0.9203980099502488, train auc=0.9726253606435813, test auc=0.918705763397371
train acc=0.9738154613466334, test acc=0.9054726368159204, train auc=0.9736677956798093, test auc=0.9028528528528528
train acc=0.9738154613466334, test acc=0.8756218905472637, train auc=0.9731670162820897, test auc=0.8760454002389486
train acc=0.9750623441396509, test acc=0.9054726368159204, train auc=0.9747184684684685, test auc=0.9056743909685085
train acc=0.9738154613466334, test acc=0.900497512437811, train auc=0.973547506837655, test auc=0.9004950495049505
train acc=0.9750623441396509, test acc=0.845771144278607, train auc=0.9740658184732517, test auc=0.8458415841584158
train acc=0.9713216957605985, test acc=0.8656716417910447, train auc=0.9709611069558713, test auc=0.8625226860254084
train acc=0.9738154613466334, test acc=0.9054726368159204, train auc=0.973547506837655, test auc=0.9054950495049506
train acc=0.972568578553616, test acc=0.9054726368159204, train auc=0.9719193362410387, test auc=0.9057856152169605
train acc=0.9775561097256857, test acc=0.8656716417910447, train auc=0.9774328023892485, test auc=0.8640552995391705
train acc=0.9688279301745636, test acc=0.8756218905472637, train auc=0.9687089115574194, test auc=0.8751769464105157
train acc=0.972568578553616, test acc=0.9054726368159204, train auc=0.9720389490997555, test auc=0.9050425995640975
train acc=0.9763092269326683, test acc=0.8756218905472637, train auc=0.9761056637732242, test auc=0.8747023809523808
train acc=0.9775561097256857, test acc=0.8905472636815921, train auc=0.9770961835304999, test auc=0.890327380952381
train acc=0.9800498753117207, test acc=0.8905472636815921, train auc=0.9798405211141061, test auc=0.8867132867132868
train acc=0.970074812967581, test acc=0.900497512437811, train auc=0.9697306061361936, test auc=0.9026384430176565
train acc=0.9763092269326683, test acc=0.8805970149253731, train auc=0.9762510018032459, test auc=0.8804455445544555
train acc=0.970074812967581, test acc=0.8656716417910447, train auc=0.9696890286512926, test auc=0.862087912087912
train acc=0.9738154613466334, test acc=0.8706467661691543, train auc=0.9737320645675568, test auc=0.870175617725138
train acc=0.9775561097256857, test acc=0.8855721393034826, train auc=0.9769451546598487, test auc=0.8856251238359422
train acc=0.9738154613466334, test acc=0.8855721393034826, train auc=0.9733702705400819, test auc=0.884065934065934
train acc=0.9738154613466334, test acc=0.8905472636815921, train auc=0.9727783631893221, test auc=0.8907738095238096
train acc=0.9763092269326683, test acc=0.9054726368159204, train auc=0.9762806451814495, test auc=0.9032738095238094
train acc=0.970074812967581, test acc=0.8805970149253731, train auc=0.9694686954352706, test auc=0.8778591492776885
train acc=0.9763092269326683, test acc=0.8606965174129353, train auc=0.9757857321027688, test auc=0.8530798555377207
train acc=0.9775561097256857, test acc=0.8706467661691543, train auc=0.9771758464659074, test auc=0.8722576785001994
train acc=0.9713216957605985, test acc=0.8905472636815921, train auc=0.9709939148073023, test auc=0.8880634224172318
train acc=0.9763092269326683, test acc=0.8407960199004975, train auc=0.9763239002521714, test auc=0.8314203730272597
train acc=0.972568578553616, test acc=0.8656716417910447, train auc=0.9719376280673696, test auc=0.8644488579940417
train acc=0.9812967581047382, test acc=0.8756218905472637, train auc=0.9806994494494494, test auc=0.8750742721330955
train acc=0.9763092269326683, test acc=0.8606965174129353, train auc=0.9764254385964912, test auc=0.8573022312373226
train acc=0.970074812967581, test acc=0.9054726368159204, train auc=0.9698581227097622, test auc=0.9058229352346999
train acc=0.9738154613466334, test acc=0.8656716417910447, train auc=0.9737805487530611, test auc=0.8622641509433963
train acc=0.9688279301745636, test acc=0.8955223880597015, train auc=0.9679958224151195, test auc=0.8953338617000198
train acc=0.9713216957605985, test acc=0.8855721393034826, train auc=0.9709594058909128, test auc=0.8860119047619048
train acc=0.9738154613466334, test acc=0.8756218905472637, train auc=0.9734791729097992, test auc=0.8767921146953406
train acc=0.9775561097256857, test acc=0.8805970149253731, train auc=0.9774415491423056, test auc=0.8802008608321377
train acc=0.9775561097256857, test acc=0.8756218905472637, train auc=0.97707551887972, test auc=0.8732157018239493
train acc=0.9763092269326683, test acc=0.8656716417910447, train auc=0.9760631168134862, test auc=0.8604183427192277
train acc=0.9775561097256857, test acc=0.8955223880597015, train auc=0.9773754527714914, test auc=0.8919951729686243
train acc=0.9800498753117207, test acc=0.8805970149253731, train auc=0.9796409055425449, test auc=0.8807416981507257
train acc=0.9800498753117207, test acc=0.8507462686567164, train auc=0.979777148677953, test auc=0.8495535714285714
train acc=0.972568578553616, test acc=0.900497512437811, train auc=0.9726056514128532, test auc=0.8986419508326725
train acc=0.9675810473815462, test acc=0.9253731343283582, train auc=0.9669273826777951, test auc=0.9237835153922543
train acc=0.9738154613466334, test acc=0.900497512437811, train auc=0.973638650856915, test auc=0.8955993465386972
train acc=0.9750623441396509, test acc=0.8905472636815921, train auc=0.9744878887559808, test auc=0.8894523326572008
train acc=0.9800498753117207, test acc=0.8606965174129353, train auc=0.9796216702483882, test auc=0.8608242303872891
train acc=0.9800498753117207, test acc=0.8507462686567164, train auc=0.9798187424086704, test auc=0.8499694749694751
train acc=0.9688279301745636, test acc=0.8905472636815921, train auc=0.9679617117117116, test auc=0.8902257872846108
train acc=0.9775561097256857, test acc=0.835820895522388, train auc=0.9769451546598487, test auc=0.8378244501684169
train acc=0.9750623441396509, test acc=0.8805970149253731, train auc=0.9744083257578132, test auc=0.8814928628072958
train acc=0.970074812967581, test acc=0.8656716417910447, train auc=0.9695651901077456, test auc=0.8688182720953327
train acc=0.9688279301745636, test acc=0.8855721393034826, train auc=0.9685586706774819, test auc=0.8843867644145037
train acc=0.9775561097256857, test acc=0.8557213930348259, train auc=0.9769212021222745, test auc=0.8534226190476191
train acc=0.9775561097256857, test acc=0.8706467661691543, train auc=0.9770969362129583, test auc=0.8713959037582025
train acc=0.9763092269326683, test acc=0.8805970149253731, train auc=0.9756997971602435, test auc=0.8780414838452333
train acc=0.9775561097256857, test acc=0.8955223880597015, train auc=0.9775056095736724, test auc=0.8888384754990926
train acc=0.972568578553616, test acc=0.8407960199004975, train auc=0.9724931404340235, test auc=0.8398374799357945
train acc=0.9738154613466334, test acc=0.8606965174129353, train auc=0.973623731459797, test auc=0.8614038576257705
train acc=0.9738154613466334, test acc=0.8805970149253731, train auc=0.9731670162820897, test auc=0.8784348864994027
train acc=0.972568578553616, test acc=0.845771144278607, train auc=0.9722265651872095, test auc=0.8457994848424808
train acc=0.9775561097256857, test acc=0.9104477611940298, train auc=0.9773543787553314, test auc=0.9092027054724328
train acc=0.9750623441396509, test acc=0.8606965174129353, train auc=0.974931232808202, test auc=0.8594865186360031
train acc=0.9750623441396509, test acc=0.900497512437811, train auc=0.9742060515128783, test auc=0.8993358445678034
train acc=0.9738154613466334, test acc=0.8855721393034826, train auc=0.9733702705400819, test auc=0.8821678321678322
train acc=0.9788029925187033, test acc=0.8656716417910447, train auc=0.978261684696001, test auc=0.866517857142857
train acc=0.970074812967581, test acc=0.8706467661691543, train auc=0.9695178655016382, test auc=0.8688671719186278
train acc=0.9688279301745636, test acc=0.8557213930348259, train auc=0.9682596380408081, test auc=0.8564989102437092
train acc=0.9738154613466334, test acc=0.9054726368159204, train auc=0.9734246986257711, test auc=0.9063988095238096
train acc=0.9713216957605985, test acc=0.8656716417910447, train auc=0.9710292732523688, test auc=0.8668168168168169
train acc=0.972568578553616, test acc=0.8706467661691543, train auc=0.9721386674687923, test auc=0.8708143451555379
train acc=0.9775561097256857, test acc=0.8805970149253731, train auc=0.9773417880462079, test auc=0.8826804533704513
train acc=0.9750623441396509, test acc=0.8805970149253731, train auc=0.9745901997912721, test auc=0.8803571428571428
train acc=0.9750623441396509, test acc=0.8955223880597015, train auc=0.9745467508020588, test auc=0.8948385179314444
train acc=0.9788029925187033, test acc=0.8905472636815921, train auc=0.9780147718644302, test auc=0.8929493545183714
train acc=0.9738154613466334, test acc=0.8955223880597015, train auc=0.9735655801500576, test auc=0.898493543758967
train acc=0.970074812967581, test acc=0.8756218905472637, train auc=0.9699760407307577, test auc=0.8702297702297702
train acc=0.9738154613466334, test acc=0.9154228855721394, train auc=0.9736118746564048, test auc=0.9132571996027806
train acc=0.9763092269326683, test acc=0.8656716417910447, train auc=0.9756942481517077, test auc=0.8690262843488649
train acc=0.9788029925187033, test acc=0.8656716417910447, train auc=0.9786009002250563, test auc=0.8653350515463918
train acc=0.9812967581047382, test acc=0.900497512437811, train auc=0.9807451862965741, test auc=0.9000297383029341
train acc=0.972568578553616, test acc=0.8656716417910447, train auc=0.9721515831463475, test auc=0.8598003629764066
train acc=0.9763092269326683, test acc=0.8805970149253731, train auc=0.9761056637732242, test auc=0.8785714285714287
train acc=0.972568578553616, test acc=0.8805970149253731, train auc=0.972411003236246, test auc=0.8771010583108529
train acc=0.9738154613466334, test acc=0.8855721393034826, train auc=0.9736930545182974, test auc=0.8901224320398422
train acc=0.972568578553616, test acc=0.8656716417910447, train auc=0.9722591974602699, test auc=0.8638392857142856
train acc=0.9775561097256857, test acc=0.8805970149253731, train auc=0.977136612021858, test auc=0.8800954464108173
train acc=0.9738154613466334, test acc=0.900497512437811, train auc=0.9733269885794431, test auc=0.9005445544554456
train acc=0.9763092269326683, test acc=0.835820895522388, train auc=0.9757781887715118, test auc=0.8368358445678034
train acc=0.9688279301745636, test acc=0.8955223880597015, train auc=0.9686652070585153, test auc=0.8917417417417417
train acc=0.9738154613466334, test acc=0.8756218905472637, train auc=0.973638650856915, test auc=0.8761997141106799
train acc=0.9738154613466334, test acc=0.8805970149253731, train auc=0.9736779745572463, test auc=0.8813202247191011
train acc=0.9763092269326683, test acc=0.8656716417910447, train auc=0.9757574056400756, test auc=0.8636636636636636
train acc=0.9713216957605985, test acc=0.8706467661691543, train auc=0.9709154402594162, test auc=0.867776886035313
train acc=0.9800498753117207, test acc=0.8855721393034826, train auc=0.9798159524523025, test auc=0.8830645161290324
train acc=0.983790523690773, test acc=0.8756218905472637, train auc=0.9834185582439511, test auc=0.8780096308186196
train acc=0.9750623441396509, test acc=0.8905472636815921, train auc=0.974575372543149, test auc=0.8851351351351352
train acc=0.9775561097256857, test acc=0.8855721393034826, train auc=0.9774883512041767, test auc=0.8837837837837839
train acc=0.9738154613466334, test acc=0.9104477611940298, train auc=0.9735193711046385, test auc=0.9114676173499704
train acc=0.9825436408977556, test acc=0.8656716417910447, train auc=0.9821260465957194, test auc=0.8692176186645213
train_acc_list: min=0.9663341645885287, max=0.983790523690773, mean=0.9744472152950956, var=1.2183727436742006e-05
test_acc_list: min=0.8258706467661692, max=0.9303482587064676, mean=0.8791044776119402, var=0.0004180589589366605
train_auc_list: min=0.9657591583787297, max=0.9834185582439511, mean=0.9740507413549419, var=1.2458508667712841e-05
test_auc_list: min=0.8256930693069308, max=0.9302083333333335, mean=0.8782399774252506, var=0.00042220376874561963
