Namespace(rate=0.2, data_file_dir='../Data/', data_dir='../Data/functional_connectivity/node=50_size=4800_step=4800_rho=0.100000/', output='./nu_node=50_size=4800_step=4800_rho=0.100000_num_iter=150.log', num_iter=150, Linear=False)
train acc=0.9775561097256857, test acc=0.9402985074626866, train auc=0.9783211953792065, test auc=0.9400477232054086
train acc=0.986284289276808, test acc=0.9253731343283582, train auc=0.9870283018867925, test auc=0.9261238761238761
train acc=0.9825436408977556, test acc=0.9303482587064676, train auc=0.9835680751173709, test auc=0.9299581839904422
train acc=0.9800498753117207, test acc=0.9104477611940298, train auc=0.9811769999437558, test auc=0.9089285714285714
train acc=0.9825436408977556, test acc=0.9104477611940298, train auc=0.983554117115761, test auc=0.9102678571428571
train acc=0.9825436408977556, test acc=0.9104477611940298, train auc=0.9837559951098711, test auc=0.9120737509912769
train acc=0.9812967581047382, test acc=0.945273631840796, train auc=0.9819880730571982, test auc=0.9433771486349849
train acc=0.9800498753117207, test acc=0.9402985074626866, train auc=0.9813084112149533, test auc=0.9406653426017875
train acc=0.9850374064837906, test acc=0.9253731343283582, train auc=0.9856115107913669, test auc=0.9291819291819291
train acc=0.9800498753117207, test acc=0.8805970149253731, train auc=0.9812140535133784, test auc=0.8814928628072958
train acc=0.9812967581047382, test acc=0.9502487562189055, train auc=0.9822695035460992, test auc=0.9518018018018019
train acc=0.9850374064837906, test acc=0.9303482587064676, train auc=0.9857055505640412, test auc=0.9287712287712288
train acc=0.9763092269326683, test acc=0.9154228855721394, train auc=0.9774592087722263, test auc=0.9153465346534653
train acc=0.9850374064837906, test acc=0.9353233830845771, train auc=0.9858390046057607, test auc=0.9345238095238094
train acc=0.9738154613466334, test acc=0.8805970149253731, train auc=0.9750399560483469, test auc=0.8806750298685784
train acc=0.983790523690773, test acc=0.945273631840796, train auc=0.9845263052810223, test auc=0.9452547452547452
train acc=0.9850374064837906, test acc=0.9054726368159204, train auc=0.9859171671671673, test auc=0.9052287581699346
train acc=0.983790523690773, test acc=0.9104477611940298, train auc=0.984653080663759, test auc=0.9098969684961363
train acc=0.986284289276808, test acc=0.9054726368159204, train auc=0.9867946916471506, test auc=0.9053986876118513
train acc=0.9850374064837906, test acc=0.9601990049751243, train auc=0.9858390046057607, test auc=0.9601190476190478
train acc=0.9812967581047382, test acc=0.9353233830845771, train auc=0.9824109918011769, test auc=0.9354071725777691
train acc=0.9812967581047382, test acc=0.9203980099502488, train auc=0.9827096936212957, test auc=0.9213561344203619
train acc=0.9850374064837906, test acc=0.9154228855721394, train auc=0.9858390046057607, test auc=0.9168154761904761
train acc=0.9788029925187033, test acc=0.900497512437811, train auc=0.9794532496012758, test auc=0.902789046653144
train acc=0.986284289276808, test acc=0.8805970149253731, train auc=0.98662096693637, test auc=0.8821684587813621
train acc=0.986284289276808, test acc=0.9303482587064676, train auc=0.9866598175648331, test auc=0.9354888296782128
train acc=0.9800498753117207, test acc=0.9253731343283582, train auc=0.9809710630216404, test auc=0.9226911618669315
train acc=0.9812967581047382, test acc=0.9601990049751243, train auc=0.9822274881516588, test auc=0.9608246388443019
train acc=0.9825436408977556, test acc=0.8905472636815921, train auc=0.9833583395848962, test auc=0.8918021411578113
train acc=0.983790523690773, test acc=0.9054726368159204, train auc=0.9848130841121495, test auc=0.9054617676266138
train acc=0.986284289276808, test acc=0.9253731343283582, train auc=0.9871194379391101, test auc=0.9273215350964407
train acc=0.9825436408977556, test acc=0.9154228855721394, train auc=0.9839080459770114, test auc=0.9156268568033273
train acc=0.9825436408977556, test acc=0.900497512437811, train auc=0.983451536643026, test auc=0.9025525525525525
train acc=0.983790523690773, test acc=0.9154228855721394, train auc=0.9850095162718827, test auc=0.9160692951015532
train acc=0.9812967581047382, test acc=0.9203980099502488, train auc=0.9822695035460992, test auc=0.9216216216216218
train acc=0.9788029925187033, test acc=0.9154228855721394, train auc=0.9798099762470308, test auc=0.9147224456958971
train acc=0.9812967581047382, test acc=0.9353233830845771, train auc=0.9822274881516588, test auc=0.937349518459069
train acc=0.9850374064837906, test acc=0.9054726368159204, train auc=0.9857594146438916, test auc=0.9068100358422938
train acc=0.986284289276808, test acc=0.9353233830845771, train auc=0.9869976359338061, test auc=0.933033033033033
train acc=0.983790523690773, test acc=0.900497512437811, train auc=0.9843876152387389, test auc=0.9003960396039604
train acc=0.9763092269326683, test acc=0.9353233830845771, train auc=0.9773474801061008, test auc=0.9361288392500997
train acc=0.9800498753117207, test acc=0.9154228855721394, train auc=0.980752422335431, test auc=0.9145758661887695
train acc=0.9850374064837906, test acc=0.8805970149253731, train auc=0.9857426287888744, test auc=0.8807920792079207
train acc=0.9800498753117207, test acc=0.9253731343283582, train auc=0.9810327581895474, test auc=0.9247620935765265
train acc=0.9825436408977556, test acc=0.9402985074626866, train auc=0.9832818110850898, test auc=0.9394014714655001
train acc=0.9812967581047382, test acc=0.9154228855721394, train auc=0.9824449449449449, test auc=0.9151812240047534
train acc=0.986284289276808, test acc=0.9054726368159204, train auc=0.9873271889400922, test auc=0.9054950495049505
train acc=0.983790523690773, test acc=0.8955223880597015, train auc=0.9850574712643678, test auc=0.8957219251336899
train acc=0.9812967581047382, test acc=0.9552238805970149, train auc=0.9822382878833282, test auc=0.9553464755077659
train acc=0.9812967581047382, test acc=0.9104477611940298, train auc=0.9821678147149844, test auc=0.9115384615384616
train acc=0.9812967581047382, test acc=0.9303482587064676, train auc=0.9821002386634845, test auc=0.9332659251769465
train acc=0.9850374064837906, test acc=0.9353233830845771, train auc=0.9858156028368794, test auc=0.9340840840840842
train acc=0.986284289276808, test acc=0.9104477611940298, train auc=0.9867770452502248, test auc=0.9121863799283154
train acc=0.9812967581047382, test acc=0.9303482587064676, train auc=0.982251001001001, test auc=0.9303327391562686
train acc=0.9800498753117207, test acc=0.9054726368159204, train auc=0.9809234120054825, test auc=0.9055445544554456
train acc=0.9825436408977556, test acc=0.9104477611940298, train auc=0.9836643458224805, test auc=0.9104950495049505
train acc=0.9788029925187033, test acc=0.8855721393034826, train auc=0.9796434804288207, test auc=0.8895946763460375
train acc=0.9788029925187033, test acc=0.945273631840796, train auc=0.9803695150115473, test auc=0.9453465346534653
train acc=0.9763092269326683, test acc=0.9054726368159204, train auc=0.9773336842632978, test auc=0.9055379433326729
train acc=0.9850374064837906, test acc=0.9253731343283582, train auc=0.9853658536585366, test auc=0.932132383745287
train acc=0.986284289276808, test acc=0.9154228855721394, train auc=0.986873508353222, test auc=0.9172901921132457
train acc=0.9875311720698254, test acc=0.9203980099502488, train auc=0.988399071925754, test auc=0.9213394095502279
train acc=0.9812967581047382, test acc=0.8955223880597015, train auc=0.9823425011092571, test auc=0.8950892857142856
train acc=0.9788029925187033, test acc=0.9154228855721394, train auc=0.9800114987782549, test auc=0.9154761904761903
train acc=0.986284289276808, test acc=0.9054726368159204, train auc=0.9868847958470598, test auc=0.9041458541458541
train acc=0.9738154613466334, test acc=0.9353233830845771, train auc=0.9747256173609378, test auc=0.9385032102728733
train acc=0.9850374064837906, test acc=0.8905472636815921, train auc=0.9861751152073733, test auc=0.8903960396039604
train acc=0.9825436408977556, test acc=0.9054726368159204, train auc=0.9834905660377358, test auc=0.9060439560439559
train acc=0.983790523690773, test acc=0.9203980099502488, train auc=0.9842815862893584, test auc=0.9232693485807638
train acc=0.983790523690773, test acc=0.9203980099502488, train auc=0.9848724118915124, test auc=0.9205963938973648
train acc=0.9800498753117207, test acc=0.9552238805970149, train auc=0.9809885694319657, test auc=0.9562437562437563
train acc=0.9825436408977556, test acc=0.9104477611940298, train auc=0.983554117115761, test auc=0.9107142857142856
train acc=0.9775561097256857, test acc=0.9203980099502488, train auc=0.9784960347963028, test auc=0.9193452380952382
train acc=0.9850374064837906, test acc=0.9154228855721394, train auc=0.9856510351708656, test auc=0.9148776083467094
train acc=0.9775561097256857, test acc=0.9154228855721394, train auc=0.9785420304315291, test auc=0.9114165329052968
train acc=0.983790523690773, test acc=0.9154228855721394, train auc=0.9847058823529411, test auc=0.9177802153968887
train acc=0.9812967581047382, test acc=0.900497512437811, train auc=0.9822031518177562, test auc=0.9006282409254088
train acc=0.9812967581047382, test acc=0.9253731343283582, train auc=0.9819277108433735, test auc=0.9255995080959213
train acc=0.9763092269326683, test acc=0.9154228855721394, train auc=0.9772977160277875, test auc=0.9170804369414101
train acc=0.9850374064837906, test acc=0.9253731343283582, train auc=0.986111111111111, test auc=0.9252822341057635
train acc=0.9825436408977556, test acc=0.9402985074626866, train auc=0.9832535885167465, test auc=0.938843813387424
train acc=0.983790523690773, test acc=0.9552238805970149, train auc=0.9848444987315605, test auc=0.9552881758764111
train acc=0.9850374064837906, test acc=0.9402985074626866, train auc=0.9859813084112149, test auc=0.9384806355511421
train acc=0.9812967581047382, test acc=0.8855721393034826, train auc=0.9824109918011769, test auc=0.8848821081830791
train acc=0.9825436408977556, test acc=0.945273631840796, train auc=0.983554117115761, test auc=0.9449404761904762
train acc=0.9850374064837906, test acc=0.9203980099502488, train auc=0.9857594146438916, test auc=0.9214456391875747
train acc=0.9875311720698254, test acc=0.945273631840796, train auc=0.9878646368419415, test auc=0.9499897519983603
train acc=0.9812967581047382, test acc=0.9353233830845771, train auc=0.9821955488872218, test auc=0.9347244250594765
train acc=0.9788029925187033, test acc=0.9303482587064676, train auc=0.9796852887450826, test auc=0.9292538213998391
train acc=0.9850374064837906, test acc=0.9502487562189055, train auc=0.9856235310253678, test auc=0.948209975864843
train acc=0.9800498753117207, test acc=0.900497512437811, train auc=0.9811022638563621, test auc=0.900079538675681
train acc=0.9812967581047382, test acc=0.9104477611940298, train auc=0.9823425011092571, test auc=0.9093749999999999
train acc=0.9800498753117207, test acc=0.9154228855721394, train auc=0.9812140535133784, test auc=0.9154936558287072
train acc=0.983790523690773, test acc=0.9154228855721394, train auc=0.984644410015493, test auc=0.9143495531281034
train acc=0.983790523690773, test acc=0.9253731343283582, train auc=0.9841881725787166, test auc=0.927506636716357
train acc=0.9800498753117207, test acc=0.9054726368159204, train auc=0.9805435107655502, test auc=0.9055273833671399
train acc=0.9788029925187033, test acc=0.9054726368159204, train auc=0.9799715128192313, test auc=0.9049155908639523
train acc=0.9812967581047382, test acc=0.9154228855721394, train auc=0.9819147279578934, test auc=0.9172771672771672
train acc=0.9788029925187033, test acc=0.9253731343283582, train auc=0.9797422422422422, test auc=0.9249851455733809
train acc=0.983790523690773, test acc=0.900497512437811, train auc=0.9842144182082517, test auc=0.9006835744006341
train acc=0.983790523690773, test acc=0.9104477611940298, train auc=0.9851258581235698, test auc=0.9099920697858843
train acc=0.9812967581047382, test acc=0.900497512437811, train auc=0.982200342626932, test auc=0.9012909632571996
train acc=0.9800498753117207, test acc=0.9353233830845771, train auc=0.9812508989937523, test auc=0.9351595006934813
train acc=0.9825436408977556, test acc=0.9402985074626866, train auc=0.9835080022747583, test auc=0.9401785714285714
train acc=0.9750623441396509, test acc=0.8955223880597015, train auc=0.9765381717729784, test auc=0.8947603897395109
train acc=0.986284289276808, test acc=0.9054726368159204, train auc=0.9869090341706974, test auc=0.9077582768248904
train acc=0.9800498753117207, test acc=0.9402985074626866, train auc=0.9808339566192968, test auc=0.940562613430127
train acc=0.983790523690773, test acc=0.9154228855721394, train auc=0.9845971563981042, test auc=0.9137239165329053
train acc=0.9825436408977556, test acc=0.8905472636815921, train auc=0.9832818110850898, test auc=0.8913799960230663
train acc=0.9812967581047382, test acc=0.9353233830845771, train auc=0.9822382878833282, test auc=0.9316009557945043
train acc=0.9812967581047382, test acc=0.845771144278607, train auc=0.9820357596262688, test auc=0.8457994848424808
train acc=0.983790523690773, test acc=0.9104477611940298, train auc=0.9843373493975904, test auc=0.9073068251690921
train acc=0.9825436408977556, test acc=0.9303482587064676, train auc=0.9833583395848962, test auc=0.9309575733544805
train acc=0.986284289276808, test acc=0.9054726368159204, train auc=0.9872093023255815, test auc=0.9051843774781918
train acc=0.9775561097256857, test acc=0.9552238805970149, train auc=0.9783430667864631, test auc=0.9543456543456543
train acc=0.983790523690773, test acc=0.9253731343283582, train auc=0.9843235406238088, test auc=0.9249999999999999
train acc=0.9812967581047382, test acc=0.9502487562189055, train auc=0.9823529411764707, test auc=0.949890307140008
train acc=0.9812967581047382, test acc=0.9253731343283582, train auc=0.9827981651376148, test auc=0.9254507628294036
train acc=0.9812967581047382, test acc=0.9154228855721394, train auc=0.9821675197010318, test auc=0.9168154761904761
train acc=0.983790523690773, test acc=0.8905472636815921, train auc=0.9844963416231591, test auc=0.8945945945945947
train acc=0.9788029925187033, test acc=0.9253731343283582, train auc=0.9798465934727026, test auc=0.9261937784822667
train acc=0.9850374064837906, test acc=0.9552238805970149, train auc=0.9858739326971372, test auc=0.9547126665341021
train acc=0.9775561097256857, test acc=0.9203980099502488, train auc=0.9784960347963028, test auc=0.9197916666666667
train acc=0.986284289276808, test acc=0.8955223880597015, train auc=0.9870513630308753, test auc=0.8955815335843076
train acc=0.9825436408977556, test acc=0.9154228855721394, train auc=0.983816211399562, test auc=0.9159880834160874
train acc=0.9825436408977556, test acc=0.9154228855721394, train auc=0.9830453597335078, test auc=0.9209879073580651
train acc=0.9825436408977556, test acc=0.9552238805970149, train auc=0.9833470599980033, test auc=0.9543456543456543
train acc=0.983790523690773, test acc=0.9203980099502488, train auc=0.984644410015493, test auc=0.9217974180734856
train acc=0.983790523690773, test acc=0.9203980099502488, train auc=0.9847582615687087, test auc=0.9221923536439666
train acc=0.9800498753117207, test acc=0.9303482587064676, train auc=0.9810327581895474, test auc=0.9292228390166535
train acc=0.9775561097256857, test acc=0.9253731343283582, train auc=0.9787071767941986, test auc=0.9251090404440919
train acc=0.983790523690773, test acc=0.9154228855721394, train auc=0.9844053851907255, test auc=0.9172716273442226
train acc=0.983790523690773, test acc=0.8955223880597015, train auc=0.9846735034402594, test auc=0.8955357142857143
train acc=0.983790523690773, test acc=0.9502487562189055, train auc=0.9842233009708738, test auc=0.9523241336376842
train acc=0.9825436408977556, test acc=0.9203980099502488, train auc=0.9829412496888226, test auc=0.9143494500933803
train acc=0.9825436408977556, test acc=0.9154228855721394, train auc=0.9836829836829837, test auc=0.9150297619047619
train acc=0.983790523690773, test acc=0.9054726368159204, train auc=0.984615144418423, test auc=0.9047524358719428
train acc=0.986284289276808, test acc=0.9353233830845771, train auc=0.9873271889400922, test auc=0.9353465346534653
train acc=0.9825436408977556, test acc=0.8955223880597015, train auc=0.9839816933638443, test auc=0.896956780333069
train acc=0.9800498753117207, test acc=0.9353233830845771, train auc=0.9809502423323789, test auc=0.9351351351351351
train acc=0.9850374064837906, test acc=0.9353233830845771, train auc=0.985576923076923, test auc=0.9395548294874413
train acc=0.9825436408977556, test acc=0.9253731343283582, train auc=0.98328136692442, test auc=0.9284209470304975
train acc=0.9788029925187033, test acc=0.8855721393034826, train auc=0.9797682092354522, test auc=0.8911411411411411
train acc=0.9788029925187033, test acc=0.9104477611940298, train auc=0.9795959092042903, test auc=0.911567014446228
train acc=0.9825436408977556, test acc=0.9253731343283582, train auc=0.9834119968035162, test auc=0.9253285543608125
train acc=0.983790523690773, test acc=0.8905472636815921, train auc=0.9843352456971814, test auc=0.8890951043338683
train acc=0.9788029925187033, test acc=0.900497512437811, train auc=0.9796309811186588, test auc=0.9015015015015014
train acc=0.9775561097256857, test acc=0.9353233830845771, train auc=0.978448948021732, test auc=0.9319819819819819
train acc=0.9812967581047382, test acc=0.9203980099502488, train auc=0.9825456481568479, test auc=0.920528817587641
train acc=0.9825436408977556, test acc=0.9154228855721394, train auc=0.9832482341132538, test auc=0.9159794851166533
train_acc_list: min=0.9738154613466334, max=0.9875311720698254, mean=0.9821363258520368, var=8.074092961002878e-06
test_acc_list: min=0.845771144278607, max=0.9601990049751243, mean=0.9190713101160863, var=0.0003711679303867614
train_auc_list: min=0.9747256173609378, max=0.988399071925754, mean=0.9830197666300876, var=7.52492306081029e-06
test_auc_list: min=0.8457994848424808, max=0.9608246388443019, mean=0.9194250105480921, var=0.0003665825896197305
