0.9680957128614157
0 0.7796610169491526
1 0.7547357926221336
2 0.7587238285144566
3 0.7587238285144566
4 0.7666999002991027
5 0.7706879361914257
6 0.7776669990029911
7 0.7816550348953141
8 0.7816550348953141
9 0.7786640079760718
10 0.7537387836490529
11 0.7926221335992024
12 0.7846460618145563
13 0.7637088733798604
14 0.7746759720837487
15 0.7796610169491526
16 0.7916251246261217
17 0.7846460618145563
18 0.7746759720837487
19 0.7666999002991027
20 0.773678963110668
21 0.7597208374875374
22 0.7567298105682951
23 0.765702891326022
24 0.7706879361914257
