CNN node=15 Static dropout=0.0 lr=0.001 channel=1, train_acc min=0.5474, train_auc min=0.7527, test_acc min=0.5224, test_auc min=0.8108
CNN node=15 Static dropout=0.0 lr=0.001 channel=1, train_acc mean=0.8655, train_auc mean=0.9336, test_acc mean=0.7957, test_auc mean=0.8855
CNN node=15 Static dropout=0.0 lr=0.001 channel=1, train_acc max=0.9015, train_auc max=0.9553, test_acc max=0.8706, test_auc max=0.9307
CNN node=15 Static dropout=0.0 lr=0.001 channel=1, train_acc var=0.0013, train_auc var=0.0004, test_acc var=0.0015, test_auc var=0.0006
CNN node=15 Static dropout=0.0 lr=0.001 channel=2, train_acc min=0.8229, train_auc min=0.9199, test_acc min=0.7164, test_auc min=0.8273
CNN node=15 Static dropout=0.0 lr=0.001 channel=2, train_acc mean=0.8794, train_auc mean=0.9461, test_acc mean=0.8001, test_auc mean=0.8876
CNN node=15 Static dropout=0.0 lr=0.001 channel=2, train_acc max=0.9364, train_auc max=0.9744, test_acc max=0.8756, test_auc max=0.9281
CNN node=15 Static dropout=0.0 lr=0.001 channel=2, train_acc var=0.0003, train_auc var=0.0001, test_acc var=0.0008, test_auc var=0.0004
CNN node=15 Static dropout=0.0 lr=0.001 channel=4, train_acc min=0.8529, train_auc min=0.9350, test_acc min=0.7363, test_auc min=0.8189
CNN node=15 Static dropout=0.0 lr=0.001 channel=4, train_acc mean=0.8886, train_auc mean=0.9543, test_acc mean=0.7988, test_auc mean=0.8863
CNN node=15 Static dropout=0.0 lr=0.001 channel=4, train_acc max=0.9663, train_auc max=0.9927, test_acc max=0.8607, test_auc max=0.9337
CNN node=15 Static dropout=0.0 lr=0.001 channel=4, train_acc var=0.0007, train_auc var=0.0001, test_acc var=0.0008, test_auc var=0.0005
CNN node=15 Static dropout=0.1 lr=0.001 channel=1, train_acc min=0.5449, train_auc min=0.6891, test_acc min=0.5174, test_auc min=0.8041
CNN node=15 Static dropout=0.1 lr=0.001 channel=1, train_acc mean=0.7818, train_auc mean=0.8445, test_acc mean=0.7952, test_auc mean=0.8870
CNN node=15 Static dropout=0.1 lr=0.001 channel=1, train_acc max=0.8142, train_auc max=0.8852, test_acc max=0.8756, test_auc max=0.9355
CNN node=15 Static dropout=0.1 lr=0.001 channel=1, train_acc var=0.0005, train_auc var=0.0004, test_acc var=0.0014, test_auc var=0.0005
CNN node=15 Static dropout=0.1 lr=0.001 channel=2, train_acc min=0.7594, train_auc min=0.8351, test_acc min=0.7164, test_auc min=0.8318
CNN node=15 Static dropout=0.1 lr=0.001 channel=2, train_acc mean=0.8027, train_auc mean=0.8881, test_acc mean=0.7986, test_auc mean=0.8885
CNN node=15 Static dropout=0.1 lr=0.001 channel=2, train_acc max=0.8429, train_auc max=0.9175, test_acc max=0.8756, test_auc max=0.9294
CNN node=15 Static dropout=0.1 lr=0.001 channel=2, train_acc var=0.0003, train_auc var=0.0001, test_acc var=0.0007, test_auc var=0.0004
CNN node=15 Static dropout=0.1 lr=0.001 channel=4, train_acc min=0.7805, train_auc min=0.8800, test_acc min=0.7313, test_auc min=0.8276
CNN node=15 Static dropout=0.1 lr=0.001 channel=4, train_acc mean=0.8365, train_auc mean=0.9183, test_acc mean=0.8038, test_auc mean=0.8911
CNN node=15 Static dropout=0.1 lr=0.001 channel=4, train_acc max=0.8653, train_auc max=0.9392, test_acc max=0.8607, test_auc max=0.9317
CNN node=15 Static dropout=0.1 lr=0.001 channel=4, train_acc var=0.0002, train_auc var=0.0001, test_acc var=0.0008, test_auc var=0.0004
CNN node=15 Dynamic dropout=0.0 lr=0.001 channel=1, train_acc min=0.6197, train_auc min=0.7989, test_acc min=0.5871, test_auc min=0.7160
CNN node=15 Dynamic dropout=0.0 lr=0.001 channel=1, train_acc mean=0.9639, train_auc mean=0.9794, test_acc mean=0.7737, test_auc mean=0.8670
CNN node=15 Dynamic dropout=0.0 lr=0.001 channel=1, train_acc max=1.0000, train_auc max=1.0000, test_acc max=0.8557, test_auc max=0.9216
CNN node=15 Dynamic dropout=0.0 lr=0.001 channel=1, train_acc var=0.0053, train_auc var=0.0016, test_acc var=0.0019, test_auc var=0.0012
CNN node=15 Dynamic dropout=0.0 lr=0.001 channel=2, train_acc min=0.8080, train_auc min=0.9397, test_acc min=0.6915, test_auc min=0.7824
CNN node=15 Dynamic dropout=0.0 lr=0.001 channel=2, train_acc mean=0.9961, train_auc mean=0.9979, test_acc mean=0.7811, test_auc mean=0.8630
CNN node=15 Dynamic dropout=0.0 lr=0.001 channel=2, train_acc max=1.0000, train_auc max=1.0000, test_acc max=0.8507, test_auc max=0.9209
CNN node=15 Dynamic dropout=0.0 lr=0.001 channel=2, train_acc var=0.0003, train_auc var=0.0000, test_acc var=0.0007, test_auc var=0.0006
CNN node=15 Dynamic dropout=0.0 lr=0.001 channel=4, train_acc min=0.9863, train_auc min=0.9879, test_acc min=0.7015, test_auc min=0.8028
CNN node=15 Dynamic dropout=0.0 lr=0.001 channel=4, train_acc mean=0.9995, train_auc mean=0.9999, test_acc mean=0.7787, test_auc mean=0.8584
CNN node=15 Dynamic dropout=0.0 lr=0.001 channel=4, train_acc max=1.0000, train_auc max=1.0000, test_acc max=0.8408, test_auc max=0.9148
CNN node=15 Dynamic dropout=0.0 lr=0.001 channel=4, train_acc var=0.0000, train_auc var=0.0000, test_acc var=0.0006, test_auc var=0.0005
CNN node=15 Dynamic dropout=0.0 lr=0.001 choose channel=1, train_acc min=0.5561, train_auc min=0.5335, test_acc min=0.5274, test_auc min=0.7111
CNN node=15 Dynamic dropout=0.0 lr=0.001 choose channel=1, train_acc mean=0.7350, train_auc mean=0.8093, test_acc mean=0.7070, test_auc mean=0.7811
CNN node=15 Dynamic dropout=0.0 lr=0.001 choose channel=1, train_acc max=0.7681, train_auc max=0.8382, test_acc max=0.7811, test_auc max=0.8468
CNN node=15 Dynamic dropout=0.0 lr=0.001 choose channel=1, train_acc var=0.0004, train_auc var=0.0007, test_acc var=0.0011, test_auc var=0.0010
CNN node=15 Dynamic dropout=0.0 lr=0.001 choose channel=2, train_acc min=0.7032, train_auc min=0.7896, test_acc min=0.6368, test_auc min=0.7139
CNN node=15 Dynamic dropout=0.0 lr=0.001 choose channel=2, train_acc mean=0.7401, train_auc mean=0.8167, test_acc mean=0.7110, test_auc mean=0.7847
CNN node=15 Dynamic dropout=0.0 lr=0.001 choose channel=2, train_acc max=0.7706, train_auc max=0.8493, test_acc max=0.7910, test_auc max=0.8709
CNN node=15 Dynamic dropout=0.0 lr=0.001 choose channel=2, train_acc var=0.0002, train_auc var=0.0001, test_acc var=0.0009, test_auc var=0.0010
CNN node=15 Dynamic dropout=0.0 lr=0.001 choose channel=4, train_acc min=0.7082, train_auc min=0.7917, test_acc min=0.6468, test_auc min=0.7042
CNN node=15 Dynamic dropout=0.0 lr=0.001 choose channel=4, train_acc mean=0.7458, train_auc mean=0.8252, test_acc mean=0.7142, test_auc mean=0.7875
CNN node=15 Dynamic dropout=0.0 lr=0.001 choose channel=4, train_acc max=0.7880, train_auc max=0.8609, test_acc max=0.7910, test_auc max=0.8692
CNN node=15 Dynamic dropout=0.0 lr=0.001 choose channel=4, train_acc var=0.0002, train_auc var=0.0002, test_acc var=0.0009, test_auc var=0.0009
CNN node=15 Dynamic dropout=0.1 lr=0.001 channel=1, train_acc min=0.5823, train_auc min=0.7439, test_acc min=0.5522, test_auc min=0.7140
CNN node=15 Dynamic dropout=0.1 lr=0.001 channel=1, train_acc mean=0.9163, train_auc mean=0.9579, test_acc mean=0.7735, test_auc mean=0.8656
CNN node=15 Dynamic dropout=0.1 lr=0.001 channel=1, train_acc max=0.9626, train_auc max=0.9959, test_acc max=0.8458, test_auc max=0.9209
CNN node=15 Dynamic dropout=0.1 lr=0.001 channel=1, train_acc var=0.0044, train_auc var=0.0025, test_acc var=0.0021, test_auc var=0.0011
CNN node=15 Dynamic dropout=0.1 lr=0.001 channel=2, train_acc min=0.7569, train_auc min=0.8900, test_acc min=0.6617, test_auc min=0.7942
CNN node=15 Dynamic dropout=0.1 lr=0.001 channel=2, train_acc mean=0.9647, train_auc mean=0.9914, test_acc mean=0.7771, test_auc mean=0.8692
CNN node=15 Dynamic dropout=0.1 lr=0.001 channel=2, train_acc max=0.9900, train_auc max=0.9991, test_acc max=0.8408, test_auc max=0.9110
CNN node=15 Dynamic dropout=0.1 lr=0.001 channel=2, train_acc var=0.0005, train_auc var=0.0002, test_acc var=0.0009, test_auc var=0.0005
CNN node=15 Dynamic dropout=0.1 lr=0.001 channel=4, train_acc min=0.9651, train_auc min=0.9831, test_acc min=0.7164, test_auc min=0.7987
CNN node=15 Dynamic dropout=0.1 lr=0.001 channel=4, train_acc mean=0.9845, train_auc mean=0.9984, test_acc mean=0.7813, test_auc mean=0.8666
CNN node=15 Dynamic dropout=0.1 lr=0.001 channel=4, train_acc max=0.9963, train_auc max=0.9999, test_acc max=0.8408, test_auc max=0.9171
CNN node=15 Dynamic dropout=0.1 lr=0.001 channel=4, train_acc var=0.0000, train_auc var=0.0000, test_acc var=0.0007, test_auc var=0.0005
CNN node=15 Dynamic dropout=0.1 lr=0.001 choose channel=1, train_acc min=0.5511, train_auc min=0.5198, test_acc min=0.5323, test_auc min=0.6962
CNN node=15 Dynamic dropout=0.1 lr=0.001 choose channel=1, train_acc mean=0.6940, train_auc mean=0.7449, test_acc mean=0.7032, test_auc mean=0.7791
CNN node=15 Dynamic dropout=0.1 lr=0.001 choose channel=1, train_acc max=0.7369, train_auc max=0.7804, test_acc max=0.7861, test_auc max=0.8472
CNN node=15 Dynamic dropout=0.1 lr=0.001 choose channel=1, train_acc var=0.0004, train_auc var=0.0006, test_acc var=0.0012, test_auc var=0.0010
CNN node=15 Dynamic dropout=0.1 lr=0.001 choose channel=2, train_acc min=0.6608, train_auc min=0.7387, test_acc min=0.6169, test_auc min=0.6978
CNN node=15 Dynamic dropout=0.1 lr=0.001 choose channel=2, train_acc mean=0.7040, train_auc mean=0.7749, test_acc mean=0.7055, test_auc mean=0.7802
CNN node=15 Dynamic dropout=0.1 lr=0.001 choose channel=2, train_acc max=0.7369, train_auc max=0.8126, test_acc max=0.7960, test_auc max=0.8637
CNN node=15 Dynamic dropout=0.1 lr=0.001 choose channel=2, train_acc var=0.0002, train_auc var=0.0002, test_acc var=0.0010, test_auc var=0.0010
CNN node=15 Dynamic dropout=0.1 lr=0.001 choose channel=4, train_acc min=0.6783, train_auc min=0.7532, test_acc min=0.6418, test_auc min=0.7074
CNN node=15 Dynamic dropout=0.1 lr=0.001 choose channel=4, train_acc mean=0.7193, train_auc mean=0.7929, test_acc mean=0.7099, test_auc mean=0.7846
CNN node=15 Dynamic dropout=0.1 lr=0.001 choose channel=4, train_acc max=0.7531, train_auc max=0.8211, test_acc max=0.7910, test_auc max=0.8581
CNN node=15 Dynamic dropout=0.1 lr=0.001 choose channel=4, train_acc var=0.0002, train_auc var=0.0002, test_acc var=0.0010, test_auc var=0.0010
CNN node=25 Static dropout=0.0 lr=0.001 channel=1, train_acc min=0.5574, train_auc min=0.7775, test_acc min=0.5075, test_auc min=0.7475
CNN node=25 Static dropout=0.0 lr=0.001 channel=1, train_acc mean=0.9682, train_auc mean=0.9809, test_acc mean=0.8462, test_auc mean=0.9265
CNN node=25 Static dropout=0.0 lr=0.001 channel=1, train_acc max=0.9988, train_auc max=0.9980, test_acc max=0.9104, test_auc max=0.9634
CNN node=25 Static dropout=0.0 lr=0.001 channel=1, train_acc var=0.0027, train_auc var=0.0008, test_acc var=0.0016, test_auc var=0.0005
CNN node=25 Static dropout=0.0 lr=0.001 channel=2, train_acc min=0.7968, train_auc min=0.8368, test_acc min=0.7662, test_auc min=0.8731
CNN node=25 Static dropout=0.0 lr=0.001 channel=2, train_acc mean=0.9921, train_auc mean=0.9946, test_acc mean=0.8470, test_auc mean=0.9225
CNN node=25 Static dropout=0.0 lr=0.001 channel=2, train_acc max=1.0000, train_auc max=1.0000, test_acc max=0.9104, test_auc max=0.9599
CNN node=25 Static dropout=0.0 lr=0.001 channel=2, train_acc var=0.0004, train_auc var=0.0002, test_acc var=0.0006, test_auc var=0.0003
CNN node=25 Static dropout=0.0 lr=0.001 channel=4, train_acc min=0.9676, train_auc min=0.9868, test_acc min=0.7512, test_auc min=0.8650
CNN node=25 Static dropout=0.0 lr=0.001 channel=4, train_acc mean=0.9962, train_auc mean=0.9992, test_acc mean=0.8468, test_auc mean=0.9220
CNN node=25 Static dropout=0.0 lr=0.001 channel=4, train_acc max=1.0000, train_auc max=1.0000, test_acc max=0.9055, test_auc max=0.9603
CNN node=25 Static dropout=0.0 lr=0.001 channel=4, train_acc var=0.0000, train_auc var=0.0000, test_acc var=0.0006, test_auc var=0.0003
CNN node=25 Static dropout=0.1 lr=0.001 channel=1, train_acc min=0.5611, train_auc min=0.6628, test_acc min=0.5124, test_auc min=0.7431
CNN node=25 Static dropout=0.1 lr=0.001 channel=1, train_acc mean=0.8685, train_auc mean=0.9211, test_acc mean=0.8547, test_auc mean=0.9356
CNN node=25 Static dropout=0.1 lr=0.001 channel=1, train_acc max=0.9040, train_auc max=0.9507, test_acc max=0.9154, test_auc max=0.9688
CNN node=25 Static dropout=0.1 lr=0.001 channel=1, train_acc var=0.0010, train_auc var=0.0008, test_acc var=0.0015, test_auc var=0.0005
CNN node=25 Static dropout=0.1 lr=0.001 channel=2, train_acc min=0.8591, train_auc min=0.9032, test_acc min=0.7711, test_auc min=0.8598
CNN node=25 Static dropout=0.1 lr=0.001 channel=2, train_acc mean=0.8965, train_auc mean=0.9638, test_acc mean=0.8581, test_auc mean=0.9358
CNN node=25 Static dropout=0.1 lr=0.001 channel=2, train_acc max=0.9339, train_auc max=0.9820, test_acc max=0.9254, test_auc max=0.9728
CNN node=25 Static dropout=0.1 lr=0.001 channel=2, train_acc var=0.0003, train_auc var=0.0001, test_acc var=0.0006, test_auc var=0.0003
CNN node=25 Static dropout=0.1 lr=0.001 channel=4, train_acc min=0.8840, train_auc min=0.9644, test_acc min=0.7711, test_auc min=0.8730
CNN node=25 Static dropout=0.1 lr=0.001 channel=4, train_acc mean=0.9291, train_auc mean=0.9808, test_acc mean=0.8562, test_auc mean=0.9339
CNN node=25 Static dropout=0.1 lr=0.001 channel=4, train_acc max=0.9676, train_auc max=0.9929, test_acc max=0.9104, test_auc max=0.9638
CNN node=25 Static dropout=0.1 lr=0.001 channel=4, train_acc var=0.0002, train_auc var=0.0000, test_acc var=0.0007, test_auc var=0.0003
CNN node=25 Dynamic dropout=0.0 lr=0.001 channel=1, train_acc min=0.6658, train_auc min=0.8518, test_acc min=0.6269, test_auc min=0.7168
CNN node=25 Dynamic dropout=0.0 lr=0.001 channel=1, train_acc mean=0.9767, train_auc mean=0.9889, test_acc mean=0.8450, test_auc mean=0.9338
CNN node=25 Dynamic dropout=0.0 lr=0.001 channel=1, train_acc max=1.0000, train_auc max=1.0000, test_acc max=0.9303, test_auc max=0.9788
CNN node=25 Dynamic dropout=0.0 lr=0.001 channel=1, train_acc var=0.0039, train_auc var=0.0009, test_acc var=0.0027, test_auc var=0.0013
CNN node=25 Dynamic dropout=0.0 lr=0.001 channel=2, train_acc min=0.9127, train_auc min=0.9737, test_acc min=0.7463, test_auc min=0.8662
CNN node=25 Dynamic dropout=0.0 lr=0.001 channel=2, train_acc mean=0.9982, train_auc mean=0.9995, test_acc mean=0.8594, test_auc mean=0.9416
CNN node=25 Dynamic dropout=0.0 lr=0.001 channel=2, train_acc max=1.0000, train_auc max=1.0000, test_acc max=0.9254, test_auc max=0.9787
CNN node=25 Dynamic dropout=0.0 lr=0.001 channel=2, train_acc var=0.0001, train_auc var=0.0000, test_acc var=0.0008, test_auc var=0.0003
CNN node=25 Dynamic dropout=0.0 lr=0.001 channel=4, train_acc min=1.0000, train_auc min=1.0000, test_acc min=0.7960, test_auc min=0.9130
CNN node=25 Dynamic dropout=0.0 lr=0.001 channel=4, train_acc mean=1.0000, train_auc mean=1.0000, test_acc mean=0.8672, test_auc mean=0.9437
CNN node=25 Dynamic dropout=0.0 lr=0.001 channel=4, train_acc max=1.0000, train_auc max=1.0000, test_acc max=0.9154, test_auc max=0.9783
CNN node=25 Dynamic dropout=0.0 lr=0.001 channel=4, train_acc var=0.0000, train_auc var=0.0000, test_acc var=0.0004, test_auc var=0.0002
CNN node=25 Dynamic dropout=0.0 lr=0.001 choose channel=1, train_acc min=0.6147, train_auc min=0.5916, test_acc min=0.5522, test_auc min=0.7018
CNN node=25 Dynamic dropout=0.0 lr=0.001 choose channel=1, train_acc mean=0.8185, train_auc mean=0.8963, test_acc mean=0.7733, test_auc mean=0.8584
CNN node=25 Dynamic dropout=0.0 lr=0.001 choose channel=1, train_acc max=0.8579, train_auc max=0.9308, test_acc max=0.8408, test_auc max=0.9333
CNN node=25 Dynamic dropout=0.0 lr=0.001 choose channel=1, train_acc var=0.0007, train_auc var=0.0010, test_acc var=0.0013, test_auc var=0.0010
CNN node=25 Dynamic dropout=0.0 lr=0.001 choose channel=2, train_acc min=0.7718, train_auc min=0.8680, test_acc min=0.7114, test_auc min=0.7984
CNN node=25 Dynamic dropout=0.0 lr=0.001 choose channel=2, train_acc mean=0.8277, train_auc mean=0.9074, test_acc mean=0.7797, test_auc mean=0.8633
CNN node=25 Dynamic dropout=0.0 lr=0.001 choose channel=2, train_acc max=0.8628, train_auc max=0.9290, test_acc max=0.8458, test_auc max=0.9348
CNN node=25 Dynamic dropout=0.0 lr=0.001 choose channel=2, train_acc var=0.0002, train_auc var=0.0001, test_acc var=0.0009, test_auc var=0.0006
CNN node=25 Dynamic dropout=0.0 lr=0.001 choose channel=4, train_acc min=0.7980, train_auc min=0.8895, test_acc min=0.6915, test_auc min=0.7981
CNN node=25 Dynamic dropout=0.0 lr=0.001 choose channel=4, train_acc mean=0.8334, train_auc mean=0.9137, test_acc mean=0.7790, test_auc mean=0.8638
CNN node=25 Dynamic dropout=0.0 lr=0.001 choose channel=4, train_acc max=0.8678, train_auc max=0.9407, test_acc max=0.8458, test_auc max=0.9303
CNN node=25 Dynamic dropout=0.0 lr=0.001 choose channel=4, train_acc var=0.0002, train_auc var=0.0001, test_acc var=0.0009, test_auc var=0.0006
CNN node=25 Dynamic dropout=0.1 lr=0.001 channel=1, train_acc min=0.5885, train_auc min=0.7725, test_acc min=0.5771, test_auc min=0.6996
CNN node=25 Dynamic dropout=0.1 lr=0.001 channel=1, train_acc mean=0.9239, train_auc mean=0.9612, test_acc mean=0.8391, test_auc mean=0.9319
CNN node=25 Dynamic dropout=0.1 lr=0.001 channel=1, train_acc max=0.9663, train_auc max=0.9966, test_acc max=0.9254, test_auc max=0.9753
CNN node=25 Dynamic dropout=0.1 lr=0.001 channel=1, train_acc var=0.0052, train_auc var=0.0022, test_acc var=0.0038, test_auc var=0.0019
CNN node=25 Dynamic dropout=0.1 lr=0.001 channel=2, train_acc min=0.8753, train_auc min=0.9577, test_acc min=0.7612, test_auc min=0.8584
CNN node=25 Dynamic dropout=0.1 lr=0.001 channel=2, train_acc mean=0.9859, train_auc mean=0.9972, test_acc mean=0.8618, test_auc mean=0.9441
CNN node=25 Dynamic dropout=0.1 lr=0.001 channel=2, train_acc max=0.9988, train_auc max=1.0000, test_acc max=0.9204, test_auc max=0.9752
CNN node=25 Dynamic dropout=0.1 lr=0.001 channel=2, train_acc var=0.0003, train_auc var=0.0000, test_acc var=0.0008, test_auc var=0.0002
CNN node=25 Dynamic dropout=0.1 lr=0.001 channel=4, train_acc min=0.9800, train_auc min=0.9959, test_acc min=0.7264, test_auc min=0.8902
CNN node=25 Dynamic dropout=0.1 lr=0.001 channel=4, train_acc mean=0.9943, train_auc mean=0.9996, test_acc mean=0.8606, test_auc mean=0.9426
CNN node=25 Dynamic dropout=0.1 lr=0.001 channel=4, train_acc max=1.0000, train_auc max=1.0000, test_acc max=0.9104, test_auc max=0.9739
CNN node=25 Dynamic dropout=0.1 lr=0.001 channel=4, train_acc var=0.0000, train_auc var=0.0000, test_acc var=0.0007, test_auc var=0.0002
CNN node=25 Dynamic dropout=0.1 lr=0.001 choose channel=1, train_acc min=0.7132, train_auc min=0.7935, test_acc min=0.6866, test_auc min=0.7790
CNN node=25 Dynamic dropout=0.1 lr=0.001 choose channel=1, train_acc mean=0.7661, train_auc mean=0.8305, test_acc mean=0.7718, test_auc mean=0.8572
CNN node=25 Dynamic dropout=0.1 lr=0.001 choose channel=1, train_acc max=0.8105, train_auc max=0.8720, test_acc max=0.8557, test_auc max=0.9306
CNN node=25 Dynamic dropout=0.1 lr=0.001 choose channel=1, train_acc var=0.0003, train_auc var=0.0003, test_acc var=0.0009, test_auc var=0.0008
CNN node=25 Dynamic dropout=0.1 lr=0.001 choose channel=2, train_acc min=0.7319, train_auc min=0.8237, test_acc min=0.6915, test_auc min=0.7878
CNN node=25 Dynamic dropout=0.1 lr=0.001 choose channel=2, train_acc mean=0.7813, train_auc mean=0.8629, test_acc mean=0.7730, test_auc mean=0.8585
CNN node=25 Dynamic dropout=0.1 lr=0.001 choose channel=2, train_acc max=0.8242, train_auc max=0.8937, test_acc max=0.8657, test_auc max=0.9338
CNN node=25 Dynamic dropout=0.1 lr=0.001 choose channel=2, train_acc var=0.0003, train_auc var=0.0002, test_acc var=0.0009, test_auc var=0.0006
CNN node=25 Dynamic dropout=0.1 lr=0.001 choose channel=4, train_acc min=0.7643, train_auc min=0.8513, test_acc min=0.6965, test_auc min=0.7871
CNN node=25 Dynamic dropout=0.1 lr=0.001 choose channel=4, train_acc mean=0.8024, train_auc mean=0.8838, test_acc mean=0.7778, test_auc mean=0.8591
CNN node=25 Dynamic dropout=0.1 lr=0.001 choose channel=4, train_acc max=0.8416, train_auc max=0.9074, test_acc max=0.8557, test_auc max=0.9214
CNN node=25 Dynamic dropout=0.1 lr=0.001 choose channel=4, train_acc var=0.0002, train_auc var=0.0001, test_acc var=0.0008, test_auc var=0.0006
CNN node=50 Static dropout=0.0 lr=0.001 channel=1, train_acc min=0.6434, train_auc min=0.8495, test_acc min=0.5572, test_auc min=0.7721
CNN node=50 Static dropout=0.0 lr=0.001 channel=1, train_acc mean=0.9715, train_auc mean=0.9913, test_acc mean=0.9015, test_auc mean=0.9689
CNN node=50 Static dropout=0.0 lr=0.001 channel=1, train_acc max=1.0000, train_auc max=1.0000, test_acc max=0.9602, test_auc max=0.9947
CNN node=50 Static dropout=0.0 lr=0.001 channel=1, train_acc var=0.0048, train_auc var=0.0008, test_acc var=0.0040, test_auc var=0.0011
CNN node=50 Static dropout=0.0 lr=0.001 channel=2, train_acc min=0.7793, train_auc min=0.8801, test_acc min=0.7512, test_auc min=0.8462
CNN node=50 Static dropout=0.0 lr=0.001 channel=2, train_acc mean=0.9962, train_auc mean=0.9983, test_acc mean=0.9218, test_auc mean=0.9762
CNN node=50 Static dropout=0.0 lr=0.001 channel=2, train_acc max=1.0000, train_auc max=1.0000, test_acc max=0.9701, test_auc max=0.9941
CNN node=50 Static dropout=0.0 lr=0.001 channel=2, train_acc var=0.0006, train_auc var=0.0002, test_acc var=0.0007, test_auc var=0.0003
CNN node=50 Static dropout=0.0 lr=0.001 channel=4, train_acc min=0.9938, train_auc min=0.9999, test_acc min=0.8856, test_auc min=0.9589
CNN node=50 Static dropout=0.0 lr=0.001 channel=4, train_acc mean=1.0000, train_auc mean=1.0000, test_acc mean=0.9248, test_auc mean=0.9779
CNN node=50 Static dropout=0.0 lr=0.001 channel=4, train_acc max=1.0000, train_auc max=1.0000, test_acc max=0.9602, test_auc max=0.9938
CNN node=50 Static dropout=0.0 lr=0.001 channel=4, train_acc var=0.0000, train_auc var=0.0000, test_acc var=0.0003, test_auc var=0.0001
CNN node=50 Static dropout=0.1 lr=0.001 channel=1, train_acc min=0.5835, train_auc min=0.7625, test_acc min=0.5124, test_auc min=0.7691
CNN node=50 Static dropout=0.1 lr=0.001 channel=1, train_acc mean=0.9152, train_auc mean=0.9616, test_acc mean=0.8960, test_auc mean=0.9684
CNN node=50 Static dropout=0.1 lr=0.001 channel=1, train_acc max=0.9663, train_auc max=0.9951, test_acc max=0.9652, test_auc max=0.9952
CNN node=50 Static dropout=0.1 lr=0.001 channel=1, train_acc var=0.0060, train_auc var=0.0021, test_acc var=0.0053, test_auc var=0.0012
CNN node=50 Static dropout=0.1 lr=0.001 channel=2, train_acc min=0.7232, train_auc min=0.8277, test_acc min=0.7363, test_auc min=0.8335
CNN node=50 Static dropout=0.1 lr=0.001 channel=2, train_acc mean=0.9649, train_auc mean=0.9923, test_acc mean=0.9147, test_auc mean=0.9746
CNN node=50 Static dropout=0.1 lr=0.001 channel=2, train_acc max=0.9988, train_auc max=0.9997, test_acc max=0.9652, test_auc max=0.9947
CNN node=50 Static dropout=0.1 lr=0.001 channel=2, train_acc var=0.0014, train_auc var=0.0006, test_acc var=0.0009, test_auc var=0.0004
CNN node=50 Static dropout=0.1 lr=0.001 channel=4, train_acc min=0.9638, train_auc min=0.9941, test_acc min=0.8358, test_auc min=0.9562
CNN node=50 Static dropout=0.1 lr=0.001 channel=4, train_acc mean=0.9901, train_auc mean=0.9992, test_acc mean=0.9178, test_auc mean=0.9778
CNN node=50 Static dropout=0.1 lr=0.001 channel=4, train_acc max=0.9988, train_auc max=1.0000, test_acc max=0.9652, test_auc max=0.9940
CNN node=50 Static dropout=0.1 lr=0.001 channel=4, train_acc var=0.0000, train_auc var=0.0000, test_acc var=0.0004, test_auc var=0.0001
CNN node=50 Dynamic dropout=0.0 lr=0.001 channel=1, train_acc min=0.8965, train_auc min=0.9703, test_acc min=0.6766, test_auc min=0.8767
CNN node=50 Dynamic dropout=0.0 lr=0.001 channel=1, train_acc mean=0.9955, train_auc mean=0.9988, test_acc mean=0.8799, test_auc mean=0.9689
CNN node=50 Dynamic dropout=0.0 lr=0.001 channel=1, train_acc max=1.0000, train_auc max=1.0000, test_acc max=0.9552, test_auc max=0.9924
CNN node=50 Dynamic dropout=0.0 lr=0.001 channel=1, train_acc var=0.0003, train_auc var=0.0000, test_acc var=0.0026, test_auc var=0.0003
CNN node=50 Dynamic dropout=0.0 lr=0.001 channel=2, train_acc min=0.9975, train_auc min=0.9988, test_acc min=0.7711, test_auc min=0.9366
CNN node=50 Dynamic dropout=0.0 lr=0.001 channel=2, train_acc mean=1.0000, train_auc mean=1.0000, test_acc mean=0.9041, test_auc mean=0.9733
CNN node=50 Dynamic dropout=0.0 lr=0.001 channel=2, train_acc max=1.0000, train_auc max=1.0000, test_acc max=0.9552, test_auc max=0.9917
CNN node=50 Dynamic dropout=0.0 lr=0.001 channel=2, train_acc var=0.0000, train_auc var=0.0000, test_acc var=0.0009, test_auc var=0.0001
CNN node=50 Dynamic dropout=0.0 lr=0.001 channel=4, train_acc min=1.0000, train_auc min=1.0000, test_acc min=0.8507, test_auc min=0.9543
CNN node=50 Dynamic dropout=0.0 lr=0.001 channel=4, train_acc mean=1.0000, train_auc mean=1.0000, test_acc mean=0.9122, test_auc mean=0.9766
CNN node=50 Dynamic dropout=0.0 lr=0.001 channel=4, train_acc max=1.0000, train_auc max=1.0000, test_acc max=0.9602, test_auc max=0.9946
CNN node=50 Dynamic dropout=0.0 lr=0.001 channel=4, train_acc var=0.0000, train_auc var=0.0000, test_acc var=0.0005, test_auc var=0.0001
CNN node=50 Dynamic dropout=0.0 lr=0.001 choose channel=1, train_acc min=0.5761, train_auc min=0.7926, test_acc min=0.5274, test_auc min=0.7485
CNN node=50 Dynamic dropout=0.0 lr=0.001 choose channel=1, train_acc mean=0.9168, train_auc mean=0.9699, test_acc mean=0.8480, test_auc mean=0.9295
CNN node=50 Dynamic dropout=0.0 lr=0.001 choose channel=1, train_acc max=0.9726, train_auc max=0.9960, test_acc max=0.9254, test_auc max=0.9758
CNN node=50 Dynamic dropout=0.0 lr=0.001 choose channel=1, train_acc var=0.0055, train_auc var=0.0015, test_acc var=0.0033, test_auc var=0.0011
CNN node=50 Dynamic dropout=0.0 lr=0.001 choose channel=2, train_acc min=0.7057, train_auc min=0.8200, test_acc min=0.6418, test_auc min=0.7480
CNN node=50 Dynamic dropout=0.0 lr=0.001 choose channel=2, train_acc mean=0.9446, train_auc mean=0.9844, test_acc mean=0.8590, test_auc mean=0.9371
CNN node=50 Dynamic dropout=0.0 lr=0.001 choose channel=2, train_acc max=0.9751, train_auc max=0.9959, test_acc max=0.9254, test_auc max=0.9786
CNN node=50 Dynamic dropout=0.0 lr=0.001 choose channel=2, train_acc var=0.0016, train_auc var=0.0007, test_acc var=0.0014, test_auc var=0.0009
CNN node=50 Dynamic dropout=0.0 lr=0.001 choose channel=4, train_acc min=0.9227, train_auc min=0.9793, test_acc min=0.8010, test_auc min=0.9016
CNN node=50 Dynamic dropout=0.0 lr=0.001 choose channel=4, train_acc mean=0.9545, train_auc mean=0.9906, test_acc mean=0.8643, test_auc mean=0.9405
CNN node=50 Dynamic dropout=0.0 lr=0.001 choose channel=4, train_acc max=0.9776, train_auc max=0.9965, test_acc max=0.9254, test_auc max=0.9784
CNN node=50 Dynamic dropout=0.0 lr=0.001 choose channel=4, train_acc var=0.0001, train_auc var=0.0000, test_acc var=0.0006, test_auc var=0.0002
CNN node=50 Dynamic dropout=0.1 lr=0.001 channel=1, train_acc min=0.8055, train_auc min=0.9120, test_acc min=0.7363, test_auc min=0.8511
CNN node=50 Dynamic dropout=0.1 lr=0.001 channel=1, train_acc mean=0.9452, train_auc mean=0.9811, test_acc mean=0.8945, test_auc mean=0.9714
CNN node=50 Dynamic dropout=0.1 lr=0.001 channel=1, train_acc max=0.9688, train_auc max=0.9971, test_acc max=0.9602, test_auc max=0.9940
CNN node=50 Dynamic dropout=0.1 lr=0.001 channel=1, train_acc var=0.0006, train_auc var=0.0004, test_acc var=0.0017, test_auc var=0.0004
CNN node=50 Dynamic dropout=0.1 lr=0.001 channel=2, train_acc min=0.9401, train_auc min=0.9787, test_acc min=0.8109, test_auc min=0.8966
CNN node=50 Dynamic dropout=0.1 lr=0.001 channel=2, train_acc mean=0.9923, train_auc mean=0.9989, test_acc mean=0.9027, test_auc mean=0.9716
CNN node=50 Dynamic dropout=0.1 lr=0.001 channel=2, train_acc max=1.0000, train_auc max=1.0000, test_acc max=0.9552, test_auc max=0.9925
CNN node=50 Dynamic dropout=0.1 lr=0.001 channel=2, train_acc var=0.0001, train_auc var=0.0000, test_acc var=0.0007, test_auc var=0.0002
CNN node=50 Dynamic dropout=0.1 lr=0.001 channel=4, train_acc min=0.9850, train_auc min=0.9978, test_acc min=0.7711, test_auc min=0.9128
CNN node=50 Dynamic dropout=0.1 lr=0.001 channel=4, train_acc mean=0.9975, train_auc mean=0.9999, test_acc mean=0.9040, test_auc mean=0.9713
CNN node=50 Dynamic dropout=0.1 lr=0.001 channel=4, train_acc max=1.0000, train_auc max=1.0000, test_acc max=0.9552, test_auc max=0.9930
CNN node=50 Dynamic dropout=0.1 lr=0.001 channel=4, train_acc var=0.0000, train_auc var=0.0000, test_acc var=0.0007, test_auc var=0.0002
CNN node=50 Dynamic dropout=0.1 lr=0.001 choose channel=1, train_acc min=0.5162, train_auc min=0.7078, test_acc min=0.4776, test_auc min=0.7484
CNN node=50 Dynamic dropout=0.1 lr=0.001 choose channel=1, train_acc mean=0.8427, train_auc mean=0.9123, test_acc mean=0.8353, test_auc mean=0.9255
CNN node=50 Dynamic dropout=0.1 lr=0.001 choose channel=1, train_acc max=0.9040, train_auc max=0.9601, test_acc max=0.9154, test_auc max=0.9711
CNN node=50 Dynamic dropout=0.1 lr=0.001 choose channel=1, train_acc var=0.0063, train_auc var=0.0025, test_acc var=0.0058, test_auc var=0.0016
CNN node=50 Dynamic dropout=0.1 lr=0.001 choose channel=2, train_acc min=0.6708, train_auc min=0.7639, test_acc min=0.6020, test_auc min=0.7486
CNN node=50 Dynamic dropout=0.1 lr=0.001 choose channel=2, train_acc mean=0.8827, train_auc mean=0.9544, test_acc mean=0.8547, test_auc mean=0.9335
CNN node=50 Dynamic dropout=0.1 lr=0.001 choose channel=2, train_acc max=0.9339, train_auc max=0.9780, test_acc max=0.9104, test_auc max=0.9707
CNN node=50 Dynamic dropout=0.1 lr=0.001 choose channel=2, train_acc var=0.0017, train_auc var=0.0012, test_acc var=0.0017, test_auc var=0.0011
CNN node=50 Dynamic dropout=0.1 lr=0.001 choose channel=4, train_acc min=0.8890, train_auc min=0.9574, test_acc min=0.7910, test_auc min=0.8907
CNN node=50 Dynamic dropout=0.1 lr=0.001 choose channel=4, train_acc mean=0.9184, train_auc mean=0.9753, test_acc mean=0.8624, test_auc mean=0.9394
CNN node=50 Dynamic dropout=0.1 lr=0.001 choose channel=4, train_acc max=0.9514, train_auc max=0.9865, test_acc max=0.9204, test_auc max=0.9685
CNN node=50 Dynamic dropout=0.1 lr=0.001 choose channel=4, train_acc var=0.0001, train_auc var=0.0000, test_acc var=0.0006, test_auc var=0.0003
