0.9710867397806581
0 0.996011964107677
1 0.9930209371884346
2 0.9940179461615155
3 0.9950149551345963
4 0.996011964107677
5 0.996011964107677
6 0.996011964107677
7 0.996011964107677
8 0.9970089730807578
9 0.9950149551345963
10 0.996011964107677
11 0.9980059820538385
12 0.9950149551345963
13 0.9970089730807578
14 0.9940179461615155
15 0.9970089730807578
16 0.9930209371884346
17 0.9940179461615155
18 0.996011964107677
19 0.996011964107677
20 0.996011964107677
21 0.996011964107677
22 0.9940179461615155
23 0.9940179461615155
24 0.9950149551345963
