t = 0.0000, min(ks_m) = 0.0160, max(ks_m) = 0.9993, cnt(pvalue >= 0.05) = 298.0000(0.9933%)
t = 0.0000, min(ks_f) = 0.0004, max(ks_f) = 1.0000, cnt(pvalue >= 0.05) = 295.0000(0.9833%)
t = 1.0000, min(ks_m) = 0.0059, max(ks_m) = 1.0000, cnt(pvalue >= 0.05) = 297.0000(0.9900%)
t = 1.0000, min(ks_f) = 0.0002, max(ks_f) = 0.9998, cnt(pvalue >= 0.05) = 294.0000(0.9800%)
t = 2.0000, min(ks_m) = 0.0016, max(ks_m) = 0.9997, cnt(pvalue >= 0.05) = 295.0000(0.9833%)
t = 2.0000, min(ks_f) = 0.0003, max(ks_f) = 0.9996, cnt(pvalue >= 0.05) = 286.0000(0.9533%)
t = 3.0000, min(ks_m) = 0.0090, max(ks_m) = 0.9977, cnt(pvalue >= 0.05) = 295.0000(0.9833%)
t = 3.0000, min(ks_f) = 0.0010, max(ks_f) = 0.9995, cnt(pvalue >= 0.05) = 284.0000(0.9467%)
t = 4.0000, min(ks_m) = 0.0028, max(ks_m) = 0.9999, cnt(pvalue >= 0.05) = 292.0000(0.9733%)
t = 4.0000, min(ks_f) = 0.0017, max(ks_f) = 0.9998, cnt(pvalue >= 0.05) = 290.0000(0.9667%)
t = 5.0000, min(ks_m) = 0.0542, max(ks_m) = 0.9999, cnt(pvalue >= 0.05) = 300.0000(1.0000%)
t = 5.0000, min(ks_f) = 0.0014, max(ks_f) = 0.9975, cnt(pvalue >= 0.05) = 297.0000(0.9900%)
t = 6.0000, min(ks_m) = 0.0391, max(ks_m) = 0.9999, cnt(pvalue >= 0.05) = 299.0000(0.9967%)
t = 6.0000, min(ks_f) = 0.0043, max(ks_f) = 0.9999, cnt(pvalue >= 0.05) = 297.0000(0.9900%)
t = 7.0000, min(ks_m) = 0.0036, max(ks_m) = 0.9992, cnt(pvalue >= 0.05) = 297.0000(0.9900%)
t = 7.0000, min(ks_f) = 0.0017, max(ks_f) = 0.9999, cnt(pvalue >= 0.05) = 298.0000(0.9933%)
t = 8.0000, min(ks_m) = 0.0031, max(ks_m) = 0.9991, cnt(pvalue >= 0.05) = 297.0000(0.9900%)
t = 8.0000, min(ks_f) = 0.0027, max(ks_f) = 0.9994, cnt(pvalue >= 0.05) = 295.0000(0.9833%)
t = 9.0000, min(ks_m) = 0.0001, max(ks_m) = 0.9998, cnt(pvalue >= 0.05) = 298.0000(0.9933%)
t = 9.0000, min(ks_f) = 0.0122, max(ks_f) = 0.9986, cnt(pvalue >= 0.05) = 295.0000(0.9833%)
t = 10.0000, min(ks_m) = 0.0020, max(ks_m) = 0.9999, cnt(pvalue >= 0.05) = 295.0000(0.9833%)
t = 10.0000, min(ks_f) = 0.0076, max(ks_f) = 0.9993, cnt(pvalue >= 0.05) = 293.0000(0.9767%)
t = 11.0000, min(ks_m) = 0.0080, max(ks_m) = 0.9994, cnt(pvalue >= 0.05) = 295.0000(0.9833%)
t = 11.0000, min(ks_f) = 0.0164, max(ks_f) = 0.9998, cnt(pvalue >= 0.05) = 295.0000(0.9833%)
t = 12.0000, min(ks_m) = 0.0284, max(ks_m) = 1.0000, cnt(pvalue >= 0.05) = 299.0000(0.9967%)
t = 12.0000, min(ks_f) = 0.0041, max(ks_f) = 1.0000, cnt(pvalue >= 0.05) = 298.0000(0.9933%)
t = 13.0000, min(ks_m) = 0.0138, max(ks_m) = 0.9998, cnt(pvalue >= 0.05) = 299.0000(0.9967%)
t = 13.0000, min(ks_f) = 0.0001, max(ks_f) = 0.9999, cnt(pvalue >= 0.05) = 295.0000(0.9833%)
t = 14.0000, min(ks_m) = 0.0082, max(ks_m) = 0.9989, cnt(pvalue >= 0.05) = 295.0000(0.9833%)
t = 14.0000, min(ks_f) = 0.0000, max(ks_f) = 1.0000, cnt(pvalue >= 0.05) = 296.0000(0.9867%)
t = 15.0000, min(ks_m) = 0.0099, max(ks_m) = 0.9988, cnt(pvalue >= 0.05) = 292.0000(0.9733%)
t = 15.0000, min(ks_f) = 0.0001, max(ks_f) = 0.9985, cnt(pvalue >= 0.05) = 296.0000(0.9867%)
t = 16.0000, min(ks_m) = 0.0240, max(ks_m) = 0.9988, cnt(pvalue >= 0.05) = 294.0000(0.9800%)
t = 16.0000, min(ks_f) = 0.0003, max(ks_f) = 0.9984, cnt(pvalue >= 0.05) = 295.0000(0.9833%)
t = 17.0000, min(ks_m) = 0.0076, max(ks_m) = 0.9998, cnt(pvalue >= 0.05) = 292.0000(0.9733%)
t = 17.0000, min(ks_f) = 0.0008, max(ks_f) = 0.9999, cnt(pvalue >= 0.05) = 289.0000(0.9633%)
t = 18.0000, min(ks_m) = 0.0040, max(ks_m) = 0.9999, cnt(pvalue >= 0.05) = 295.0000(0.9833%)
t = 18.0000, min(ks_f) = 0.0006, max(ks_f) = 0.9996, cnt(pvalue >= 0.05) = 292.0000(0.9733%)
t = 19.0000, min(ks_m) = 0.0154, max(ks_m) = 1.0000, cnt(pvalue >= 0.05) = 296.0000(0.9867%)
t = 19.0000, min(ks_f) = 0.0004, max(ks_f) = 0.9998, cnt(pvalue >= 0.05) = 295.0000(0.9833%)
t = 20.0000, min(ks_m) = 0.0491, max(ks_m) = 0.9998, cnt(pvalue >= 0.05) = 299.0000(0.9967%)
t = 20.0000, min(ks_f) = 0.0002, max(ks_f) = 0.9999, cnt(pvalue >= 0.05) = 295.0000(0.9833%)
t = 21.0000, min(ks_m) = 0.0222, max(ks_m) = 0.9996, cnt(pvalue >= 0.05) = 298.0000(0.9933%)
t = 21.0000, min(ks_f) = 0.0022, max(ks_f) = 0.9996, cnt(pvalue >= 0.05) = 289.0000(0.9633%)
t = 22.0000, min(ks_m) = 0.0134, max(ks_m) = 0.9995, cnt(pvalue >= 0.05) = 293.0000(0.9767%)
t = 22.0000, min(ks_f) = 0.0001, max(ks_f) = 0.9996, cnt(pvalue >= 0.05) = 288.0000(0.9600%)
t = 23.0000, min(ks_m) = 0.0172, max(ks_m) = 1.0000, cnt(pvalue >= 0.05) = 295.0000(0.9833%)
t = 23.0000, min(ks_f) = 0.0003, max(ks_f) = 0.9998, cnt(pvalue >= 0.05) = 291.0000(0.9700%)
t = 24.0000, min(ks_m) = 0.0080, max(ks_m) = 0.9999, cnt(pvalue >= 0.05) = 294.0000(0.9800%)
t = 24.0000, min(ks_f) = 0.0003, max(ks_f) = 0.9994, cnt(pvalue >= 0.05) = 292.0000(0.9733%)
min_ks_m = 0.0001, min_ks_f = 0.0000
max_ks_m = 1.0000, max_ks_f = 1.0000
pass_ks_m = 0.9865, pass_ks_f = 0.9773
Male & Dynamic & $25$ &  $0.0001$ & $1.0000$ & $0.6743$ & $0.9865$
Female & Dynamic & $25$ &  $0.0000$ & $1.0000$ & $0.6591$ & $0.9773$
