0.9272183449651047
0 0.8873379860418744
1 0.8903290129611167
2 0.8843469591226321
3 0.8803589232303091
4 0.8893320039880359
5 0.8973080757726819
6 0.9232303090727817
7 0.9182452642073778
8 0.8903290129611167
9 0.8973080757726819
10 0.8953140578265204
11 0.8963110667996012
12 0.8813559322033898
13 0.8763708873379861
14 0.9072781655034895
15 0.909272183449651
16 0.8913260219341974
17 0.901296111665005
18 0.8943170488534397
19 0.8813559322033898
20 0.9032901296111665
21 0.9062811565304087
22 0.9082751744765702
23 0.9032901296111665
24 0.8973080757726819
